0.000000e+00  2.425621e+10
1.131717e-09  1.203770e+11
2.263435e-09  8.636675e+10
3.395152e-09  3.116708e+10
4.526870e-09  4.580706e+10
5.658587e-09  1.910536e+10
6.790305e-09  1.902713e+10
7.922022e-09  3.416391e+10
9.053739e-09  4.299953e+10
1.018546e-08  1.705135e+10
1.131717e-08  1.380485e+10
1.244889e-08  1.032204e+10
1.358061e-08  1.682726e+10
1.471233e-08  2.050952e+10
1.584404e-08  2.068803e+10
1.697576e-08  2.008323e+10
1.810748e-08  2.677676e+10
1.923920e-08  4.430487e+10
2.037091e-08  3.288504e+10
2.150263e-08  1.219070e+10
2.263435e-08  1.473493e+10
2.376607e-08  1.876976e+10
2.489778e-08  1.516223e+10
2.602950e-08  2.651578e+10
2.716122e-08  2.337232e+10
2.829294e-08  5.380922e+09
2.942465e-08  1.114715e+10
3.055637e-08  2.994632e+10
3.168809e-08  2.492848e+10
3.281981e-08  1.996733e+10
3.395152e-08  1.746163e+10
3.508324e-08  2.746983e+10
3.621496e-08  3.728125e+10
3.734667e-08  2.401152e+10
3.847839e-08  1.648225e+10
3.961011e-08  1.462183e+10
4.074183e-08  1.855548e+10
4.187354e-08  1.283285e+10
4.300526e-08  3.906381e+09
4.413698e-08  4.525796e+09
4.526870e-08  6.104167e+09
4.640041e-08  9.082732e+09
4.753213e-08  1.353000e+10
4.866385e-08  7.597551e+09
4.979557e-08  1.566433e+10
5.092728e-08  2.111588e+10
5.205900e-08  1.420100e+10
5.319072e-08  8.066574e+09
5.432244e-08  2.941314e+10
5.545415e-08  3.018533e+10
5.658587e-08  1.475533e+10
5.771759e-08  1.885969e+10
5.884931e-08  1.211976e+10
5.998102e-08  1.932678e+10
6.111274e-08  2.347761e+10
6.224446e-08  1.848382e+10
6.337618e-08  8.852378e+09
6.450789e-08  7.143765e+09
6.563961e-08  6.546375e+09
6.677133e-08  1.198768e+10
6.790305e-08  1.716861e+10
6.903476e-08  1.665438e+10
7.016648e-08  1.601536e+10
7.129820e-08  1.409872e+10
7.242992e-08  1.552316e+10
7.356163e-08  1.144076e+10
7.469335e-08  1.387275e+10
7.582507e-08  4.556188e+09
7.695678e-08  2.967275e+09
7.808850e-08  9.250884e+09
7.922022e-08  1.273966e+10
8.035194e-08  1.313664e+10
8.148365e-08  8.152996e+09
8.261537e-08  1.171077e+10
8.374709e-08  9.232061e+09
8.487881e-08  1.198664e+10
8.601052e-08  1.293887e+10
8.714224e-08  9.139643e+09
8.827396e-08  1.187096e+10
8.940568e-08  9.304991e+09
9.053739e-08  8.903893e+09
9.166911e-08  1.518458e+10
9.280083e-08  1.948763e+10
9.393255e-08  1.815948e+10
9.506426e-08  2.636089e+10
9.619598e-08  1.254728e+10
9.732770e-08  6.398428e+09
9.845942e-08  6.955263e+09
9.959113e-08  7.945350e+09
1.007229e-07  1.024975e+10
1.018546e-07  9.072709e+09
1.029863e-07  1.172451e+10
1.041180e-07  1.499440e+10
1.052497e-07  1.415129e+10
1.063814e-07  7.160693e+09
1.075132e-07  1.057435e+10
1.086449e-07  1.040777e+10
1.097766e-07  7.661780e+09
1.109083e-07  8.075145e+09
1.120400e-07  7.328228e+09
1.131717e-07  1.468842e+10
1.143035e-07  1.285399e+10
1.154352e-07  1.026386e+10
1.165669e-07  7.549063e+09
1.176986e-07  8.601504e+09
1.188303e-07  6.840119e+09
1.199620e-07  6.323518e+09
1.210938e-07  9.662362e+09
1.222255e-07  8.023712e+09
1.233572e-07  8.082654e+09
1.244889e-07  9.850347e+09
1.256206e-07  9.080071e+09
1.267524e-07  5.076968e+09
1.278841e-07  6.444197e+09
1.290158e-07  8.902620e+09
1.301475e-07  9.494225e+09
1.312792e-07  5.348455e+09
1.324109e-07  2.876071e+09
1.335427e-07  5.089819e+09
1.346744e-07  5.917063e+09
1.358061e-07  9.387500e+09
1.369378e-07  7.914060e+09
1.380695e-07  5.754653e+09
1.392012e-07  8.544703e+09
1.403330e-07  7.589703e+09
1.414647e-07  5.395699e+09
1.425964e-07  3.595245e+09
1.437281e-07  3.199388e+09
1.448598e-07  2.869564e+09
1.459915e-07  4.127884e+09
1.471233e-07  3.041532e+09
1.482550e-07  3.564827e+09
1.493867e-07  6.081037e+09
1.505184e-07  8.246166e+09
1.516501e-07  8.580011e+09
1.527819e-07  7.822416e+09
1.539136e-07  1.111865e+10
1.550453e-07  1.354044e+10
1.561770e-07  5.338464e+09
1.573087e-07  6.336750e+09
1.584404e-07  8.491859e+09
1.595722e-07  9.516833e+09
1.607039e-07  1.035904e+10
1.618356e-07  8.797831e+09
1.629673e-07  7.387961e+09
1.640990e-07  8.457390e+09
1.652307e-07  5.539644e+09
1.663625e-07  4.848049e+09
1.674942e-07  6.440850e+09
1.686259e-07  8.120045e+09
1.697576e-07  6.410100e+09
1.708893e-07  7.257113e+09
1.720210e-07  8.015563e+09
1.731528e-07  7.012371e+09
1.742845e-07  8.715054e+09
1.754162e-07  6.207021e+09
1.765479e-07  5.296824e+09
1.776796e-07  4.021164e+09
1.788114e-07  2.990557e+09
1.799431e-07  5.117662e+09
1.810748e-07  4.450045e+09
1.822065e-07  4.764452e+09
1.833382e-07  8.090123e+09
1.844699e-07  5.321029e+09
1.856017e-07  4.847371e+09
1.867334e-07  5.763011e+09
1.878651e-07  4.529782e+09
1.889968e-07  6.526663e+09
1.901285e-07  4.557309e+09
