1.131717e-09  4.128032e+10
1.137531e-09  4.128011e+10
1.143375e-09  4.127989e+10
1.149248e-09  4.127967e+10
1.155152e-09  4.127945e+10
1.161086e-09  4.127923e+10
1.167051e-09  4.127900e+10
1.173046e-09  4.127877e+10
1.179072e-09  4.127854e+10
1.185129e-09  4.127831e+10
1.191218e-09  4.127808e+10
1.197337e-09  4.127784e+10
1.203488e-09  4.127760e+10
1.209670e-09  4.127736e+10
1.215885e-09  4.127712e+10
1.222131e-09  4.127687e+10
1.228409e-09  4.127662e+10
1.234719e-09  4.127637e+10
1.241062e-09  4.127611e+10
1.247438e-09  4.127585e+10
1.253846e-09  4.127559e+10
1.260287e-09  4.127533e+10
1.266761e-09  4.127507e+10
1.273269e-09  4.127480e+10
1.279810e-09  4.127453e+10
1.286384e-09  4.127425e+10
1.292993e-09  4.127398e+10
1.299635e-09  4.127370e+10
1.306311e-09  4.127342e+10
1.313022e-09  4.127313e+10
1.319767e-09  4.127284e+10
1.326547e-09  4.127255e+10
1.333361e-09  4.127226e+10
1.340211e-09  4.127196e+10
1.347096e-09  4.127166e+10
1.354016e-09  4.127136e+10
1.360972e-09  4.127105e+10
1.367963e-09  4.127074e+10
1.374991e-09  4.127043e+10
1.382054e-09  4.127012e+10
1.389154e-09  4.126980e+10
1.396290e-09  4.126947e+10
1.403463e-09  4.126915e+10
1.410673e-09  4.126882e+10
1.417920e-09  4.126849e+10
1.425204e-09  4.126815e+10
1.432525e-09  4.126781e+10
1.439884e-09  4.126747e+10
1.447281e-09  4.126712e+10
1.454716e-09  4.126677e+10
1.462189e-09  4.126642e+10
1.469700e-09  4.126606e+10
1.477250e-09  4.126570e+10
1.484839e-09  4.126534e+10
1.492467e-09  4.126497e+10
1.500134e-09  4.126460e+10
1.507840e-09  4.126422e+10
1.515586e-09  4.126384e+10
1.523372e-09  4.126346e+10
1.531198e-09  4.126307e+10
1.539064e-09  4.126268e+10
1.546970e-09  4.126229e+10
1.554917e-09  4.126189e+10
1.562905e-09  4.126148e+10
1.570933e-09  4.126108e+10
1.579004e-09  4.126066e+10
1.587115e-09  4.126025e+10
1.595268e-09  4.125983e+10
1.603463e-09  4.125940e+10
1.611701e-09  4.125897e+10
1.619980e-09  4.125854e+10
1.628302e-09  4.125810e+10
1.636667e-09  4.125766e+10
1.645075e-09  4.125721e+10
1.653525e-09  4.125676e+10
1.662020e-09  4.125630e+10
1.670558e-09  4.125584e+10
1.679140e-09  4.125538e+10
1.687766e-09  4.125491e+10
1.696436e-09  4.125443e+10
1.705151e-09  4.125395e+10
1.713910e-09  4.125347e+10
1.722715e-09  4.125298e+10
1.731564e-09  4.125248e+10
1.740460e-09  4.125198e+10
1.749401e-09  4.125148e+10
1.758388e-09  4.125097e+10
1.767421e-09  4.125045e+10
1.776500e-09  4.124993e+10
1.785626e-09  4.124940e+10
1.794799e-09  4.124887e+10
1.804019e-09  4.124833e+10
1.813287e-09  4.124779e+10
1.822602e-09  4.124724e+10
1.831965e-09  4.124669e+10
1.841376e-09  4.124613e+10
1.850835e-09  4.124556e+10
1.860343e-09  4.124499e+10
1.869900e-09  4.124441e+10
1.879506e-09  4.124383e+10
1.889161e-09  4.124324e+10
1.898866e-09  4.124265e+10
1.908620e-09  4.124205e+10
1.918425e-09  4.124144e+10
1.928280e-09  4.124082e+10
1.938186e-09  4.124020e+10
1.948143e-09  4.123958e+10
1.958151e-09  4.123894e+10
1.968210e-09  4.123831e+10
1.978321e-09  4.123766e+10
1.988484e-09  4.123701e+10
1.998699e-09  4.123635e+10
2.008966e-09  4.123568e+10
2.019287e-09  4.123501e+10
2.029660e-09  4.123433e+10
2.040086e-09  4.123364e+10
2.050567e-09  4.123295e+10
2.061101e-09  4.123225e+10
2.071689e-09  4.123154e+10
2.082331e-09  4.123083e+10
2.093028e-09  4.123010e+10
2.103780e-09  4.122937e+10
2.114588e-09  4.122864e+10
2.125451e-09  4.122789e+10
2.136369e-09  4.122714e+10
2.147344e-09  4.122638e+10
2.158375e-09  4.122561e+10
2.169463e-09  4.122483e+10
2.180608e-09  4.122405e+10
2.191810e-09  4.122326e+10
2.203070e-09  4.122246e+10
2.214387e-09  4.122165e+10
2.225763e-09  4.122083e+10
2.237197e-09  4.122001e+10
2.248689e-09  4.121917e+10
2.260241e-09  4.121833e+10
2.271852e-09  4.121748e+10
2.283523e-09  4.121662e+10
2.295254e-09  4.121575e+10
2.307045e-09  4.121487e+10
2.318896e-09  4.121399e+10
2.330809e-09  4.121309e+10
2.342782e-09  4.121219e+10
2.354817e-09  4.121127e+10
2.366914e-09  4.121035e+10
2.379073e-09  4.120942e+10
2.391295e-09  4.120848e+10
2.403579e-09  4.120752e+10
2.415927e-09  4.120656e+10
2.428338e-09  4.120559e+10
2.440812e-09  4.120461e+10
2.453351e-09  4.120362e+10
2.465954e-09  4.120262e+10
2.478622e-09  4.120160e+10
2.491355e-09  4.120058e+10
2.504153e-09  4.119955e+10
2.517018e-09  4.119851e+10
2.529948e-09  4.119745e+10
2.542944e-09  4.119639e+10
2.556008e-09  4.119531e+10
2.569138e-09  4.119423e+10
2.582336e-09  4.119313e+10
2.595602e-09  4.119202e+10
2.608936e-09  4.119090e+10
2.622338e-09  4.118977e+10
2.635810e-09  4.118862e+10
2.649350e-09  4.118747e+10
2.662960e-09  4.118630e+10
2.676640e-09  4.118512e+10
2.690390e-09  4.118393e+10
2.704211e-09  4.118273e+10
2.718103e-09  4.118151e+10
2.732066e-09  4.118028e+10
2.746101e-09  4.117904e+10
2.760208e-09  4.117779e+10
2.774388e-09  4.117652e+10
2.788640e-09  4.117524e+10
2.802965e-09  4.117395e+10
2.817365e-09  4.117265e+10
2.831838e-09  4.117133e+10
2.846385e-09  4.116999e+10
2.861007e-09  4.116865e+10
2.875705e-09  4.116729e+10
2.890478e-09  4.116592e+10
2.905326e-09  4.116453e+10
2.920251e-09  4.116313e+10
2.935253e-09  4.116171e+10
2.950332e-09  4.116028e+10
2.965488e-09  4.115883e+10
2.980722e-09  4.115737e+10
2.996034e-09  4.115590e+10
3.011425e-09  4.115441e+10
3.026895e-09  4.115290e+10
3.042445e-09  4.115138e+10
3.058074e-09  4.114985e+10
3.073784e-09  4.114829e+10
3.089574e-09  4.114673e+10
3.105446e-09  4.114514e+10
3.121399e-09  4.114354e+10
3.137434e-09  4.114193e+10
3.153551e-09  4.114029e+10
3.169751e-09  4.113864e+10
3.186035e-09  4.113698e+10
3.202402e-09  4.113529e+10
3.218853e-09  4.113359e+10
3.235388e-09  4.113187e+10
3.252009e-09  4.113014e+10
3.268715e-09  4.112839e+10
3.285507e-09  4.112661e+10
3.302385e-09  4.112483e+10
3.319349e-09  4.112302e+10
3.336401e-09  4.112119e+10
3.353541e-09  4.111935e+10
3.370768e-09  4.111748e+10
3.388084e-09  4.111560e+10
3.405489e-09  4.111370e+10
3.422984e-09  4.111178e+10
3.440568e-09  4.110984e+10
3.458242e-09  4.110788e+10
3.476008e-09  4.110590e+10
3.493864e-09  4.110390e+10
3.511813e-09  4.110188e+10
3.529853e-09  4.109983e+10
3.547987e-09  4.109777e+10
3.566213e-09  4.109569e+10
3.584533e-09  4.109358e+10
3.602947e-09  4.109146e+10
3.621456e-09  4.108931e+10
3.640060e-09  4.108714e+10
3.658759e-09  4.108495e+10
3.677555e-09  4.108273e+10
3.696447e-09  4.108050e+10
3.715436e-09  4.107824e+10
3.734522e-09  4.107596e+10
3.753707e-09  4.107365e+10
3.772990e-09  4.107132e+10
3.792373e-09  4.106897e+10
3.811854e-09  4.106659e+10
3.831436e-09  4.106419e+10
3.851119e-09  4.106177e+10
3.870902e-09  4.105932e+10
3.890788e-09  4.105684e+10
3.910775e-09  4.105434e+10
3.930865e-09  4.105181e+10
3.951059e-09  4.104926e+10
3.971356e-09  4.104669e+10
3.991757e-09  4.104408e+10
4.012263e-09  4.104145e+10
4.032874e-09  4.103880e+10
4.053592e-09  4.103611e+10
4.074416e-09  4.103340e+10
4.095346e-09  4.103066e+10
4.116385e-09  4.102790e+10
4.137531e-09  4.102510e+10
4.158786e-09  4.102228e+10
4.180150e-09  4.101943e+10
4.201624e-09  4.101655e+10
4.223208e-09  4.101364e+10
4.244903e-09  4.101070e+10
4.266710e-09  4.100773e+10
4.288628e-09  4.100473e+10
4.310660e-09  4.100170e+10
4.332804e-09  4.099864e+10
4.355062e-09  4.099555e+10
4.377434e-09  4.099243e+10
4.399922e-09  4.098927e+10
4.422525e-09  4.098609e+10
4.445244e-09  4.098287e+10
4.468079e-09  4.097962e+10
4.491033e-09  4.097633e+10
4.514103e-09  4.097302e+10
4.537293e-09  4.096967e+10
4.560602e-09  4.096628e+10
4.584030e-09  4.096286e+10
4.607579e-09  4.095941e+10
4.631248e-09  4.095592e+10
4.655039e-09  4.095240e+10
4.678953e-09  4.094884e+10
4.702989e-09  4.094524e+10
4.727149e-09  4.094161e+10
4.751433e-09  4.093794e+10
4.775842e-09  4.093424e+10
4.800376e-09  4.093049e+10
4.825036e-09  4.092671e+10
4.849822e-09  4.092289e+10
4.874737e-09  4.091904e+10
4.899779e-09  4.091514e+10
4.924949e-09  4.091120e+10
4.950249e-09  4.090723e+10
4.975679e-09  4.090321e+10
5.001240e-09  4.089915e+10
5.026932e-09  4.089506e+10
5.052756e-09  4.089092e+10
5.078712e-09  4.088674e+10
5.104802e-09  4.088252e+10
5.131026e-09  4.087825e+10
5.157385e-09  4.087394e+10
5.183879e-09  4.086959e+10
5.210509e-09  4.086520e+10
5.237276e-09  4.086076e+10
5.264181e-09  4.085627e+10
5.291223e-09  4.085174e+10
5.318405e-09  4.084717e+10
5.345726e-09  4.084255e+10
5.373188e-09  4.083788e+10
5.400791e-09  4.083317e+10
5.428535e-09  4.082840e+10
5.456422e-09  4.082359e+10
5.484452e-09  4.081874e+10
5.512627e-09  4.081383e+10
5.540946e-09  4.080887e+10
5.569410e-09  4.080387e+10
5.598021e-09  4.079881e+10
5.626778e-09  4.079371e+10
5.655684e-09  4.078855e+10
5.684738e-09  4.078334e+10
5.713941e-09  4.077808e+10
5.743294e-09  4.077276e+10
5.772798e-09  4.076739e+10
5.802453e-09  4.076197e+10
5.832261e-09  4.075650e+10
5.862222e-09  4.075097e+10
5.892337e-09  4.074538e+10
5.922607e-09  4.073974e+10
5.953032e-09  4.073404e+10
5.983613e-09  4.072828e+10
6.014352e-09  4.072247e+10
6.045248e-09  4.071660e+10
6.076303e-09  4.071067e+10
6.107518e-09  4.070468e+10
6.138893e-09  4.069863e+10
6.170429e-09  4.069252e+10
6.202127e-09  4.068635e+10
6.233988e-09  4.068012e+10
6.266013e-09  4.067383e+10
6.298202e-09  4.066747e+10
6.330557e-09  4.066105e+10
6.363078e-09  4.065457e+10
6.395766e-09  4.064802e+10
6.428621e-09  4.064141e+10
6.461646e-09  4.063473e+10
6.494840e-09  4.062798e+10
6.528205e-09  4.062117e+10
6.561741e-09  4.061429e+10
6.595449e-09  4.060734e+10
6.629331e-09  4.060032e+10
6.663387e-09  4.059323e+10
6.697617e-09  4.058607e+10
6.732024e-09  4.057885e+10
6.766607e-09  4.057155e+10
6.801368e-09  4.056417e+10
6.836307e-09  4.055673e+10
6.871426e-09  4.054921e+10
6.906725e-09  4.054161e+10
6.942206e-09  4.053394e+10
6.977869e-09  4.052620e+10
7.013715e-09  4.051837e+10
7.049745e-09  4.051048e+10
7.085960e-09  4.050250e+10
7.122362e-09  4.049444e+10
7.158950e-09  4.048631e+10
7.195727e-09  4.047809e+10
7.232692e-09  4.046979e+10
7.269847e-09  4.046141e+10
7.307193e-09  4.045295e+10
7.344731e-09  4.044441e+10
7.382462e-09  4.043578e+10
7.420386e-09  4.042707e+10
7.458506e-09  4.041827e+10
7.496821e-09  4.040938e+10
7.535333e-09  4.040041e+10
7.574043e-09  4.039134e+10
7.612951e-09  4.038219e+10
7.652060e-09  4.037295e+10
7.691369e-09  4.036362e+10
7.730881e-09  4.035420e+10
7.770595e-09  4.034469e+10
7.810514e-09  4.033508e+10
7.850637e-09  4.032538e+10
7.890967e-09  4.031558e+10
7.931504e-09  4.030569e+10
7.972249e-09  4.029570e+10
8.013203e-09  4.028561e+10
8.054368e-09  4.027542e+10
8.095744e-09  4.026514e+10
8.137333e-09  4.025476e+10
8.179135e-09  4.024427e+10
8.221152e-09  4.023368e+10
8.263385e-09  4.022299e+10
8.305835e-09  4.021219e+10
8.348503e-09  4.020129e+10
8.391390e-09  4.019029e+10
8.434498e-09  4.017917e+10
8.477827e-09  4.016795e+10
8.521379e-09  4.015662e+10
8.565154e-09  4.014518e+10
8.609154e-09  4.013363e+10
8.653380e-09  4.012197e+10
8.697834e-09  4.011019e+10
8.742515e-09  4.009830e+10
8.787427e-09  4.008630e+10
8.832569e-09  4.007418e+10
8.877943e-09  4.006194e+10
8.923550e-09  4.004959e+10
8.969391e-09  4.003712e+10
9.015468e-09  4.002452e+10
9.061781e-09  4.001181e+10
9.108333e-09  3.999897e+10
9.155123e-09  3.998601e+10
9.202154e-09  3.997292e+10
9.249427e-09  3.995971e+10
9.296942e-09  3.994637e+10
9.344701e-09  3.993291e+10
9.392706e-09  3.991931e+10
9.440958e-09  3.990559e+10
9.489457e-09  3.989173e+10
9.538205e-09  3.987774e+10
9.587204e-09  3.986362e+10
9.636455e-09  3.984937e+10
9.685958e-09  3.983497e+10
9.735716e-09  3.982045e+10
9.785730e-09  3.980578e+10
9.836000e-09  3.979097e+10
9.886529e-09  3.977602e+10
9.937317e-09  3.976093e+10
9.988366e-09  3.974570e+10
1.003968e-08  3.973032e+10
1.009125e-08  3.971480e+10
1.014309e-08  3.969913e+10
1.019520e-08  3.968332e+10
1.024757e-08  3.966735e+10
1.030022e-08  3.965123e+10
1.035313e-08  3.963496e+10
1.040631e-08  3.961854e+10
1.045977e-08  3.960196e+10
1.051351e-08  3.958523e+10
1.056751e-08  3.956834e+10
1.062180e-08  3.955129e+10
1.067637e-08  3.953408e+10
1.073121e-08  3.951671e+10
1.078634e-08  3.949918e+10
1.084175e-08  3.948149e+10
1.089745e-08  3.946362e+10
1.095343e-08  3.944560e+10
1.100970e-08  3.942740e+10
1.106625e-08  3.940904e+10
1.112310e-08  3.939050e+10
1.118024e-08  3.937179e+10
1.123768e-08  3.935291e+10
1.129541e-08  3.933386e+10
1.135343e-08  3.931462e+10
1.141176e-08  3.929521e+10
1.147038e-08  3.927562e+10
1.152930e-08  3.925585e+10
1.158853e-08  3.923590e+10
1.164806e-08  3.921576e+10
1.170790e-08  3.919544e+10
1.176805e-08  3.917493e+10
1.182850e-08  3.915424e+10
1.188926e-08  3.913335e+10
1.195034e-08  3.911227e+10
1.201173e-08  3.909101e+10
1.207344e-08  3.906954e+10
1.213546e-08  3.904788e+10
1.219780e-08  3.902603e+10
1.226046e-08  3.900397e+10
1.232344e-08  3.898171e+10
1.238675e-08  3.895926e+10
1.245038e-08  3.893659e+10
1.251434e-08  3.891373e+10
1.257863e-08  3.889066e+10
1.264325e-08  3.886737e+10
1.270820e-08  3.884388e+10
1.277348e-08  3.882018e+10
1.283910e-08  3.879627e+10
1.290506e-08  3.877214e+10
1.297135e-08  3.874779e+10
1.303799e-08  3.872323e+10
1.310496e-08  3.869844e+10
1.317229e-08  3.867344e+10
1.323995e-08  3.864821e+10
1.330797e-08  3.862276e+10
1.337633e-08  3.859708e+10
1.344505e-08  3.857118e+10
1.351412e-08  3.854505e+10
1.358354e-08  3.851868e+10
1.365332e-08  3.849208e+10
1.372346e-08  3.846525e+10
1.379396e-08  3.843818e+10
1.386482e-08  3.841088e+10
1.393605e-08  3.838333e+10
1.400764e-08  3.835554e+10
1.407960e-08  3.832751e+10
1.415192e-08  3.829924e+10
1.422462e-08  3.827072e+10
1.429770e-08  3.824195e+10
1.437115e-08  3.821293e+10
1.444497e-08  3.818366e+10
1.451918e-08  3.815414e+10
1.459376e-08  3.812436e+10
1.466873e-08  3.809433e+10
1.474409e-08  3.806404e+10
1.481983e-08  3.803349e+10
1.489596e-08  3.800267e+10
1.497248e-08  3.797159e+10
1.504940e-08  3.794025e+10
1.512671e-08  3.790864e+10
1.520442e-08  3.787676e+10
1.528253e-08  3.784461e+10
1.536103e-08  3.781219e+10
1.543994e-08  3.777950e+10
1.551926e-08  3.774653e+10
1.559899e-08  3.771328e+10
1.567912e-08  3.767975e+10
1.575966e-08  3.764594e+10
1.584062e-08  3.761185e+10
1.592200e-08  3.757748e+10
1.600379e-08  3.754281e+10
1.608601e-08  3.750786e+10
1.616864e-08  3.747262e+10
1.625170e-08  3.743709e+10
1.633519e-08  3.740127e+10
1.641910e-08  3.736515e+10
1.650345e-08  3.732873e+10
1.658823e-08  3.729202e+10
1.667345e-08  3.725500e+10
1.675910e-08  3.721769e+10
1.684519e-08  3.718007e+10
1.693173e-08  3.714214e+10
1.701871e-08  3.710391e+10
1.710614e-08  3.706537e+10
1.719401e-08  3.702652e+10
1.728234e-08  3.698735e+10
1.737112e-08  3.694788e+10
1.746036e-08  3.690808e+10
1.755005e-08  3.686797e+10
1.764021e-08  3.682754e+10
1.773083e-08  3.678679e+10
1.782192e-08  3.674572e+10
1.791347e-08  3.670433e+10
1.800549e-08  3.666261e+10
1.809799e-08  3.662056e+10
1.819096e-08  3.657818e+10
1.828441e-08  3.653547e+10
1.837834e-08  3.649243e+10
1.847275e-08  3.644906e+10
1.856765e-08  3.640535e+10
1.866303e-08  3.636130e+10
1.875891e-08  3.631692e+10
1.885527e-08  3.627220e+10
1.895213e-08  3.622713e+10
1.904949e-08  3.618172e+10
1.914735e-08  3.613597e+10
1.924571e-08  3.608987e+10
1.934458e-08  3.604343e+10
1.944396e-08  3.599663e+10
1.954384e-08  3.594949e+10
1.964424e-08  3.590199e+10
1.974516e-08  3.585414e+10
1.984659e-08  3.580593e+10
1.994854e-08  3.575737e+10
2.005102e-08  3.570845e+10
2.015403e-08  3.565918e+10
2.025756e-08  3.560954e+10
2.036163e-08  3.555954e+10
2.046623e-08  3.550918e+10
2.057136e-08  3.545845e+10
2.067704e-08  3.540736e+10
2.078326e-08  3.535590e+10
2.089003e-08  3.530407e+10
2.099734e-08  3.525188e+10
2.110521e-08  3.519931e+10
2.121363e-08  3.514637e+10
2.132260e-08  3.509306e+10
2.143214e-08  3.503938e+10
2.154224e-08  3.498532e+10
2.165290e-08  3.493089e+10
2.176414e-08  3.487608e+10
2.187594e-08  3.482089e+10
2.198832e-08  3.476532e+10
2.210128e-08  3.470937e+10
2.221481e-08  3.465304e+10
2.232893e-08  3.459633e+10
2.244364e-08  3.453924e+10
2.255894e-08  3.448177e+10
2.267482e-08  3.442390e+10
2.279131e-08  3.436566e+10
2.290839e-08  3.430703e+10
2.302607e-08  3.424801e+10
2.314436e-08  3.418860e+10
2.326325e-08  3.412881e+10
2.338276e-08  3.406863e+10
2.350288e-08  3.400806e+10
2.362362e-08  3.394710e+10
2.374497e-08  3.388575e+10
2.386696e-08  3.382401e+10
2.398956e-08  3.376187e+10
2.411280e-08  3.369935e+10
2.423667e-08  3.363643e+10
2.436118e-08  3.357312e+10
2.448632e-08  3.350942e+10
2.461211e-08  3.344532e+10
2.473855e-08  3.338084e+10
2.486563e-08  3.331595e+10
2.499337e-08  3.325068e+10
2.512176e-08  3.318501e+10
2.525082e-08  3.311895e+10
2.538053e-08  3.305249e+10
2.551092e-08  3.298564e+10
2.564197e-08  3.291839e+10
2.577369e-08  3.285075e+10
2.590610e-08  3.278272e+10
2.603918e-08  3.271429e+10
2.617294e-08  3.264547e+10
2.630740e-08  3.257626e+10
2.644254e-08  3.250665e+10
2.657838e-08  3.243666e+10
2.671492e-08  3.236627e+10
2.685215e-08  3.229548e+10
2.699010e-08  3.222431e+10
2.712875e-08  3.215275e+10
2.726811e-08  3.208079e+10
2.740819e-08  3.200845e+10
2.754899e-08  3.193572e+10
2.769051e-08  3.186260e+10
2.783276e-08  3.178909e+10
2.797574e-08  3.171519e+10
2.811946e-08  3.164091e+10
2.826391e-08  3.156625e+10
2.840910e-08  3.149120e+10
2.855505e-08  3.141577e+10
2.870174e-08  3.133996e+10
2.884918e-08  3.126376e+10
2.899738e-08  3.118719e+10
2.914634e-08  3.111024e+10
2.929607e-08  3.103291e+10
2.944657e-08  3.095521e+10
2.959784e-08  3.087713e+10
2.974989e-08  3.079868e+10
2.990272e-08  3.071986e+10
3.005633e-08  3.064066e+10
3.021073e-08  3.056110e+10
3.036593e-08  3.048118e+10
3.052192e-08  3.040089e+10
3.067872e-08  3.032023e+10
3.083632e-08  3.023922e+10
3.099473e-08  3.015784e+10
3.115395e-08  3.007611e+10
3.131399e-08  2.999402e+10
3.147485e-08  2.991158e+10
3.163654e-08  2.982878e+10
3.179906e-08  2.974564e+10
3.196242e-08  2.966215e+10
3.212661e-08  2.957832e+10
3.229165e-08  2.949414e+10
3.245754e-08  2.940963e+10
3.262428e-08  2.932477e+10
3.279187e-08  2.923958e+10
3.296033e-08  2.915406e+10
3.312965e-08  2.906821e+10
3.329984e-08  2.898203e+10
3.347090e-08  2.889552e+10
3.364285e-08  2.880869e+10
3.381567e-08  2.872155e+10
3.398939e-08  2.863409e+10
3.416400e-08  2.854631e+10
3.433950e-08  2.845822e+10
3.451591e-08  2.836983e+10
3.469322e-08  2.828113e+10
3.487144e-08  2.819213e+10
3.505058e-08  2.810283e+10
3.523064e-08  2.801324e+10
3.541162e-08  2.792336e+10
3.559354e-08  2.783319e+10
3.577639e-08  2.774273e+10
3.596017e-08  2.765199e+10
3.614490e-08  2.756097e+10
3.633058e-08  2.746968e+10
3.651722e-08  2.737812e+10
3.670481e-08  2.728629e+10
3.689337e-08  2.719420e+10
3.708289e-08  2.710185e+10
3.727339e-08  2.700925e+10
3.746487e-08  2.691639e+10
3.765733e-08  2.682328e+10
3.785078e-08  2.672993e+10
3.804523e-08  2.663634e+10
3.824067e-08  2.654251e+10
3.843712e-08  2.644845e+10
3.863457e-08  2.635417e+10
3.883304e-08  2.625966e+10
3.903253e-08  2.616493e+10
3.923305e-08  2.606999e+10
3.943459e-08  2.597483e+10
3.963717e-08  2.587947e+10
3.984079e-08  2.578391e+10
4.004546e-08  2.568814e+10
4.025118e-08  2.559219e+10
4.045795e-08  2.549605e+10
4.066579e-08  2.539972e+10
4.087469e-08  2.530322e+10
4.108467e-08  2.520654e+10
4.129573e-08  2.510969e+10
4.150787e-08  2.501267e+10
4.172110e-08  2.491549e+10
4.193542e-08  2.481816e+10
4.215085e-08  2.472068e+10
4.236739e-08  2.462305e+10
4.258503e-08  2.452528e+10
4.280380e-08  2.442737e+10
4.302368e-08  2.432933e+10
4.324470e-08  2.423116e+10
4.346685e-08  2.413288e+10
4.369015e-08  2.403447e+10
4.391459e-08  2.393596e+10
4.414018e-08  2.383734e+10
4.436694e-08  2.373861e+10
4.459486e-08  2.363980e+10
4.482394e-08  2.354089e+10
4.505421e-08  2.344189e+10
4.528566e-08  2.334281e+10
4.551830e-08  2.324366e+10
4.575213e-08  2.314444e+10
4.598716e-08  2.304515e+10
4.622340e-08  2.294581e+10
4.646086e-08  2.284640e+10
4.669953e-08  2.274695e+10
4.693943e-08  2.264746e+10
4.718057e-08  2.254793e+10
4.742294e-08  2.244836e+10
4.766656e-08  2.234876e+10
4.791142e-08  2.224915e+10
4.815755e-08  2.214951e+10
4.840494e-08  2.204986e+10
4.865360e-08  2.195021e+10
4.890354e-08  2.185056e+10
4.915477e-08  2.175091e+10
4.940728e-08  2.165126e+10
4.966109e-08  2.155164e+10
4.991621e-08  2.145203e+10
5.017263e-08  2.135245e+10
5.043037e-08  2.125290e+10
5.068944e-08  2.115338e+10
5.094984e-08  2.105391e+10
5.121157e-08  2.095449e+10
5.147465e-08  2.085511e+10
5.173908e-08  2.075580e+10
5.200487e-08  2.065654e+10
5.227203e-08  2.055736e+10
5.254055e-08  2.045825e+10
5.281046e-08  2.035921e+10
5.308175e-08  2.026026e+10
5.335444e-08  2.016140e+10
5.362853e-08  2.006264e+10
5.390403e-08  1.996397e+10
5.418094e-08  1.986541e+10
5.445927e-08  1.976696e+10
5.473903e-08  1.966863e+10
5.502023e-08  1.957041e+10
5.530288e-08  1.947232e+10
5.558698e-08  1.937436e+10
5.587253e-08  1.927654e+10
5.615956e-08  1.917886e+10
5.644806e-08  1.908132e+10
5.673804e-08  1.898394e+10
5.702951e-08  1.888671e+10
5.732247e-08  1.878964e+10
5.761694e-08  1.869273e+10
5.791293e-08  1.859600e+10
5.821043e-08  1.849944e+10
5.850947e-08  1.840307e+10
5.881004e-08  1.830687e+10
5.911215e-08  1.821087e+10
5.941582e-08  1.811506e+10
5.972104e-08  1.801945e+10
6.002784e-08  1.792405e+10
6.033621e-08  1.782885e+10
6.064616e-08  1.773387e+10
6.095771e-08  1.763911e+10
6.127085e-08  1.754456e+10
6.158561e-08  1.745024e+10
6.190198e-08  1.735616e+10
6.221998e-08  1.726231e+10
6.253961e-08  1.716870e+10
6.286088e-08  1.707533e+10
6.318381e-08  1.698221e+10
6.350839e-08  1.688935e+10
6.383464e-08  1.679674e+10
6.416256e-08  1.670439e+10
6.449218e-08  1.661231e+10
6.482348e-08  1.652050e+10
6.515648e-08  1.642896e+10
6.549120e-08  1.633769e+10
6.582764e-08  1.624671e+10
6.616580e-08  1.615601e+10
6.650570e-08  1.606560e+10
6.684735e-08  1.597549e+10
6.719075e-08  1.588567e+10
6.753592e-08  1.579615e+10
6.788286e-08  1.570693e+10
6.823158e-08  1.561802e+10
6.858209e-08  1.552942e+10
6.893441e-08  1.544113e+10
6.928853e-08  1.535316e+10
6.964447e-08  1.526552e+10
7.000225e-08  1.517819e+10
7.036186e-08  1.509120e+10
7.072331e-08  1.500453e+10
7.108663e-08  1.491820e+10
7.145181e-08  1.483220e+10
7.181886e-08  1.474655e+10
7.218780e-08  1.466124e+10
7.255864e-08  1.457627e+10
7.293138e-08  1.449165e+10
7.330604e-08  1.440739e+10
7.368262e-08  1.432348e+10
7.406114e-08  1.423992e+10
7.444160e-08  1.415673e+10
7.482401e-08  1.407390e+10
7.520839e-08  1.399143e+10
7.559475e-08  1.390933e+10
7.598308e-08  1.382761e+10
7.637342e-08  1.374625e+10
7.676576e-08  1.366527e+10
7.716011e-08  1.358467e+10
7.755649e-08  1.350445e+10
7.795491e-08  1.342461e+10
7.835537e-08  1.334515e+10
7.875789e-08  1.326608e+10
7.916248e-08  1.318740e+10
7.956915e-08  1.310911e+10
7.997790e-08  1.303121e+10
8.038876e-08  1.295371e+10
8.080173e-08  1.287660e+10
8.121681e-08  1.279989e+10
8.163403e-08  1.272359e+10
8.205340e-08  1.264768e+10
8.247491e-08  1.257218e+10
8.289860e-08  1.249708e+10
8.332446e-08  1.242239e+10
8.375250e-08  1.234810e+10
8.418275e-08  1.227423e+10
8.461521e-08  1.220077e+10
8.504988e-08  1.212772e+10
8.548680e-08  1.205509e+10
8.592595e-08  1.198287e+10
8.636736e-08  1.191107e+10
8.681104e-08  1.183968e+10
8.725700e-08  1.176872e+10
8.770525e-08  1.169817e+10
8.815580e-08  1.162805e+10
8.860867e-08  1.155835e+10
8.906386e-08  1.148907e+10
8.952139e-08  1.142022e+10
8.998127e-08  1.135179e+10
9.044352e-08  1.128379e+10
9.090813e-08  1.121622e+10
9.137514e-08  1.114908e+10
9.184454e-08  1.108236e+10
9.231636e-08  1.101608e+10
9.279060e-08  1.095022e+10
9.326728e-08  1.088480e+10
9.374640e-08  1.081981e+10
9.422799e-08  1.075525e+10
9.471205e-08  1.069112e+10
9.519859e-08  1.062743e+10
9.568764e-08  1.056417e+10
9.617920e-08  1.050134e+10
9.667328e-08  1.043896e+10
9.716990e-08  1.037700e+10
9.766908e-08  1.031548e+10
9.817081e-08  1.025440e+10
9.867513e-08  1.019376e+10
9.918203e-08  1.013355e+10
9.969154e-08  1.007378e+10
1.002037e-07  1.001445e+10
1.007184e-07  9.955553e+09
1.012358e-07  9.897095e+09
1.017559e-07  9.839076e+09
1.022786e-07  9.781495e+09
1.028040e-07  9.724352e+09
1.033322e-07  9.667648e+09
1.038630e-07  9.611382e+09
1.043965e-07  9.555555e+09
1.049328e-07  9.500166e+09
1.054719e-07  9.445217e+09
1.060137e-07  9.390706e+09
1.065583e-07  9.336633e+09
1.071057e-07  9.283000e+09
1.076559e-07  9.229805e+09
1.082090e-07  9.177048e+09
1.087649e-07  9.124731e+09
1.093236e-07  9.072851e+09
1.098852e-07  9.021410e+09
1.104497e-07  8.970408e+09
1.110171e-07  8.919843e+09
1.115874e-07  8.869717e+09
1.121606e-07  8.820028e+09
1.127368e-07  8.770778e+09
1.133160e-07  8.721965e+09
1.138981e-07  8.673589e+09
1.144832e-07  8.625651e+09
1.150713e-07  8.578150e+09
1.156624e-07  8.531086e+09
1.162566e-07  8.484459e+09
1.168538e-07  8.438269e+09
1.174541e-07  8.392515e+09
1.180575e-07  8.347198e+09
1.186640e-07  8.302317e+09
1.192735e-07  8.257872e+09
1.198863e-07  8.213863e+09
1.205021e-07  8.170290e+09
1.211212e-07  8.127153e+09
1.217434e-07  8.084451e+09
1.223688e-07  8.042184e+09
1.229974e-07  8.000353e+09
1.236293e-07  7.958957e+09
1.242644e-07  7.917996e+09
1.249027e-07  7.877471e+09
1.255444e-07  7.837380e+09
1.261893e-07  7.797724e+09
1.268376e-07  7.758503e+09
1.274891e-07  7.719717e+09
1.281441e-07  7.681366e+09
1.288023e-07  7.643450e+09
1.294640e-07  7.605969e+09
1.301291e-07  7.568923e+09
1.307976e-07  7.532312e+09
1.314695e-07  7.496137e+09
1.321449e-07  7.460397e+09
1.328237e-07  7.425092e+09
1.335060e-07  7.390224e+09
1.341919e-07  7.355791e+09
1.348812e-07  7.321795e+09
1.355741e-07  7.288235e+09
1.362706e-07  7.255113e+09
1.369706e-07  7.222428e+09
1.376743e-07  7.190181e+09
1.383815e-07  7.158372e+09
1.390924e-07  7.127002e+09
1.398069e-07  7.096071e+09
1.405251e-07  7.065580e+09
1.412470e-07  7.035530e+09
1.419726e-07  7.005921e+09
1.427020e-07  6.976754e+09
1.434350e-07  6.948029e+09
1.441719e-07  6.919749e+09
1.449125e-07  6.891913e+09
1.456569e-07  6.864523e+09
1.464052e-07  6.837579e+09
1.471573e-07  6.811083e+09
1.479133e-07  6.785035e+09
1.486731e-07  6.759438e+09
1.494369e-07  6.734293e+09
1.502045e-07  6.709600e+09
1.509762e-07  6.685361e+09
1.517517e-07  6.661578e+09
1.525313e-07  6.638252e+09
1.533149e-07  6.615386e+09
1.541025e-07  6.592980e+09
1.548941e-07  6.571037e+09
1.556898e-07  6.549559e+09
1.564896e-07  6.528548e+09
1.572935e-07  6.508005e+09
1.581016e-07  6.487934e+09
1.589137e-07  6.468337e+09
1.597301e-07  6.449215e+09
1.605507e-07  6.430573e+09
1.613754e-07  6.412412e+09
1.622044e-07  6.394735e+09
1.630377e-07  6.377545e+09
1.638752e-07  6.360846e+09
1.647171e-07  6.344640e+09
1.655632e-07  6.328932e+09
1.664138e-07  6.313724e+09
1.672686e-07  6.299020e+09
1.681279e-07  6.284824e+09
1.689916e-07  6.271140e+09
1.698597e-07  6.257973e+09
1.707323e-07  6.245326e+09
1.716094e-07  6.233204e+09
1.724910e-07  6.221611e+09
1.733771e-07  6.210554e+09
1.742678e-07  6.200036e+09
1.751630e-07  6.190063e+09
1.760628e-07  6.180640e+09
1.769673e-07  6.171774e+09
1.778764e-07  6.163470e+09
1.787901e-07  6.155734e+09
1.797086e-07  6.148572e+09
1.806318e-07  6.141993e+09
1.815597e-07  6.136001e+09
1.824924e-07  6.130605e+09
1.834299e-07  6.125813e+09
1.843722e-07  6.121631e+09
1.853193e-07  6.118068e+09
1.862713e-07  6.115132e+09
1.872282e-07  6.112832e+09
1.881901e-07  6.111178e+09
1.891568e-07  6.110178e+09
