0.000000e+00  2.457793e+05
4.629630e-08  6.955817e+06
9.259259e-08  1.740944e+06
1.388889e-07  1.490950e+06
1.851852e-07  8.399589e+05
2.314815e-07  1.108759e+06
2.777778e-07  7.573826e+05
3.240741e-07  6.418367e+05
3.703704e-07  3.928926e+05
4.166667e-07  7.147917e+05
4.629630e-07  2.949100e+05
5.092593e-07  4.372513e+05
5.555556e-07  5.228199e+05
6.018519e-07  7.116663e+05
6.481481e-07  5.504747e+05
6.944444e-07  8.473212e+05
7.407407e-07  5.605199e+05
7.870370e-07  3.904469e+05
8.333333e-07  3.884413e+05
8.796296e-07  7.274296e+05
9.259259e-07  6.481841e+05
9.722222e-07  4.685703e+05
1.018519e-06  5.502422e+05
1.064815e-06  7.317304e+05
1.111111e-06  4.183799e+05
1.157407e-06  4.155187e+05
1.203704e-06  2.009094e+05
1.250000e-06  7.421539e+05
1.296296e-06  2.982064e+05
1.342593e-06  3.797688e+05
1.388889e-06  4.497607e+05
1.435185e-06  3.689285e+05
1.481481e-06  5.193679e+05
1.527778e-06  2.345477e+05
1.574074e-06  1.129753e+06
1.620370e-06  4.474351e+05
1.666667e-06  1.462374e+05
1.712963e-06  3.908764e+05
1.759259e-06  5.365053e+05
1.805556e-06  5.523262e+05
1.851852e-06  5.531523e+05
1.898148e-06  6.664430e+05
1.944444e-06  4.389321e+05
1.990741e-06  2.273454e+05
2.037037e-06  5.421560e+05
2.083333e-06  5.122945e+05
2.129630e-06  2.805817e+05
2.175926e-06  4.011043e+05
2.222222e-06  3.882420e+05
2.268519e-06  4.055735e+05
2.314815e-06  3.851105e+05
2.361111e-06  4.624762e+05
2.407407e-06  6.771264e+05
2.453704e-06  2.194854e+05
2.500000e-06  4.846409e+05
2.546296e-06  4.334896e+05
2.592593e-06  5.698174e+05
2.638889e-06  8.118480e+05
2.685185e-06  1.773515e+05
2.731481e-06  4.575301e+05
2.777778e-06  2.929643e+05
2.824074e-06  2.719488e+05
2.870370e-06  4.572407e+05
2.916667e-06  8.567678e+04
2.962963e-06  4.544156e+05
3.009259e-06  5.558490e+05
3.055556e-06  2.429212e+05
3.101852e-06  4.295625e+05
3.148148e-06  4.206259e+05
3.194444e-06  4.321428e+05
3.240741e-06  6.267437e+05
3.287037e-06  4.938050e+05
3.333333e-06  2.916559e+05
3.379630e-06  4.854364e+05
3.425926e-06  3.551427e+05
3.472222e-06  5.312430e+05
3.518519e-06  5.070748e+05
3.564815e-06  2.547858e+05
3.611111e-06  2.347420e+05
3.657407e-06  2.869908e+05
3.703704e-06  4.821930e+05
3.750000e-06  5.524875e+05
3.796296e-06  3.581855e+05
3.842593e-06  1.971997e+05
3.888889e-06  2.715186e+05
3.935185e-06  2.282208e+05
3.981481e-06  3.709451e+05
4.027778e-06  4.999523e+05
4.074074e-06  2.483391e+05
4.120370e-06  3.491011e+05
4.166667e-06  3.081316e+05
4.212963e-06  1.808190e+05
4.259259e-06  3.646804e+05
4.305556e-06  2.037197e+05
4.351852e-06  2.282712e+05
4.398148e-06  2.106905e+05
4.444444e-06  5.833775e+05
4.490741e-06  2.952804e+05
4.537037e-06  2.063128e+05
4.583333e-06  5.175113e+05
4.629630e-06  3.801817e+05
4.675926e-06  7.255486e+04
4.722222e-06  4.224332e+05
4.768519e-06  4.432980e+05
4.814815e-06  1.009447e+06
4.861111e-06  5.955042e+05
4.907407e-06  5.602516e+05
4.953704e-06  4.898380e+05
5.000000e-06  4.406648e+05
5.046296e-06  5.146080e+05
5.092593e-06  4.713721e+05
5.138889e-06  1.090666e+05
5.185185e-06  3.166699e+05
5.231481e-06  2.444422e+05
5.277778e-06  1.462161e+05
5.324074e-06  2.020091e+05
5.370370e-06  3.503035e+05
5.416667e-06  2.651479e+05
5.462963e-06  2.805907e+05
5.509259e-06  3.199058e+05
5.555556e-06  2.997437e+05
5.601852e-06  1.913392e+05
5.648148e-06  2.065611e+05
5.694444e-06  4.517319e+05
5.740741e-06  3.385144e+05
5.787037e-06  2.608565e+05
