4.629630e-08  7.828303e+06
4.652037e-08  7.784489e+06
4.674553e-08  7.740932e+06
4.697178e-08  7.697630e+06
4.719912e-08  7.654581e+06
4.742756e-08  7.611784e+06
4.765711e-08  7.569237e+06
4.788777e-08  7.526940e+06
4.811955e-08  7.484890e+06
4.835244e-08  7.443086e+06
4.858647e-08  7.401527e+06
4.882163e-08  7.360211e+06
4.905792e-08  7.319137e+06
4.929536e-08  7.278303e+06
4.953395e-08  7.237709e+06
4.977370e-08  7.197352e+06
5.001460e-08  7.157231e+06
5.025667e-08  7.117345e+06
5.049991e-08  7.077692e+06
5.074433e-08  7.038272e+06
5.098993e-08  6.999082e+06
5.123672e-08  6.960122e+06
5.148471e-08  6.921389e+06
5.173390e-08  6.882884e+06
5.198429e-08  6.844603e+06
5.223589e-08  6.806547e+06
5.248871e-08  6.768714e+06
5.274276e-08  6.731102e+06
5.299803e-08  6.693710e+06
5.325454e-08  6.656537e+06
5.351229e-08  6.619581e+06
5.377129e-08  6.582842e+06
5.403154e-08  6.546318e+06
5.429305e-08  6.510008e+06
5.455583e-08  6.473910e+06
5.481988e-08  6.438023e+06
5.508521e-08  6.402347e+06
5.535182e-08  6.366879e+06
5.561972e-08  6.331619e+06
5.588892e-08  6.296565e+06
5.615942e-08  6.261717e+06
5.643124e-08  6.227072e+06
5.670436e-08  6.192631e+06
5.697881e-08  6.158390e+06
5.725459e-08  6.124351e+06
5.753170e-08  6.090510e+06
5.781015e-08  6.056868e+06
5.808995e-08  6.023422e+06
5.837111e-08  5.990172e+06
5.865362e-08  5.957117e+06
5.893751e-08  5.924255e+06
5.922276e-08  5.891586e+06
5.950940e-08  5.859108e+06
5.979742e-08  5.826820e+06
6.008684e-08  5.794721e+06
6.037766e-08  5.762809e+06
6.066989e-08  5.731085e+06
6.096353e-08  5.699546e+06
6.125859e-08  5.668192e+06
6.155509e-08  5.637021e+06
6.185301e-08  5.606033e+06
6.215238e-08  5.575226e+06
6.245320e-08  5.544600e+06
6.275547e-08  5.514153e+06
6.305920e-08  5.483884e+06
6.336441e-08  5.453792e+06
6.367109e-08  5.423876e+06
6.397926e-08  5.394135e+06
6.428892e-08  5.364569e+06
6.460008e-08  5.335175e+06
6.491274e-08  5.305954e+06
6.522692e-08  5.276904e+06
6.554262e-08  5.248023e+06
6.585984e-08  5.219312e+06
6.617860e-08  5.190769e+06
6.649891e-08  5.162392e+06
6.682076e-08  5.134182e+06
6.714417e-08  5.106137e+06
6.746915e-08  5.078256e+06
6.779570e-08  5.050539e+06
6.812383e-08  5.022983e+06
6.845355e-08  4.995589e+06
6.878486e-08  4.968355e+06
6.911778e-08  4.941281e+06
6.945231e-08  4.914365e+06
6.978846e-08  4.887607e+06
7.012623e-08  4.861005e+06
7.046564e-08  4.834559e+06
7.080670e-08  4.808268e+06
7.114940e-08  4.782130e+06
7.149376e-08  4.756146e+06
7.183979e-08  4.730314e+06
7.218749e-08  4.704633e+06
7.253688e-08  4.679102e+06
7.288796e-08  4.653720e+06
7.324074e-08  4.628488e+06
7.359522e-08  4.603403e+06
7.395142e-08  4.578464e+06
7.430934e-08  4.553672e+06
7.466900e-08  4.529025e+06
7.503040e-08  4.504522e+06
7.539354e-08  4.480163e+06
7.575845e-08  4.455946e+06
7.612512e-08  4.431871e+06
7.649356e-08  4.407936e+06
7.686379e-08  4.384142e+06
7.723581e-08  4.360487e+06
7.760963e-08  4.336971e+06
7.798526e-08  4.313592e+06
7.836271e-08  4.290350e+06
7.874198e-08  4.267244e+06
7.912309e-08  4.244274e+06
7.950605e-08  4.221438e+06
7.989086e-08  4.198735e+06
8.027753e-08  4.176166e+06
8.066607e-08  4.153728e+06
8.105649e-08  4.131422e+06
8.144881e-08  4.109246e+06
8.184302e-08  4.087200e+06
8.223914e-08  4.065284e+06
8.263717e-08  4.043495e+06
8.303714e-08  4.021834e+06
8.343903e-08  4.000300e+06
8.384288e-08  3.978892e+06
8.424868e-08  3.957609e+06
8.465644e-08  3.936451e+06
8.506618e-08  3.915417e+06
8.547790e-08  3.894506e+06
8.589161e-08  3.873717e+06
8.630732e-08  3.853050e+06
8.672505e-08  3.832503e+06
8.714480e-08  3.812077e+06
8.756658e-08  3.791771e+06
8.799040e-08  3.771584e+06
8.841627e-08  3.751514e+06
8.884420e-08  3.731562e+06
8.927421e-08  3.711727e+06
8.970630e-08  3.692008e+06
9.014047e-08  3.672405e+06
9.057675e-08  3.652916e+06
9.101514e-08  3.633541e+06
9.145565e-08  3.614280e+06
9.189830e-08  3.595132e+06
9.234309e-08  3.576095e+06
9.279002e-08  3.557170e+06
9.323913e-08  3.538356e+06
9.369040e-08  3.519652e+06
9.414386e-08  3.501057e+06
9.459952e-08  3.482571e+06
9.505738e-08  3.464194e+06
9.551746e-08  3.445924e+06
9.597976e-08  3.427761e+06
9.644430e-08  3.409704e+06
9.691109e-08  3.391753e+06
9.738014e-08  3.373907e+06
9.785146e-08  3.356165e+06
9.832506e-08  3.338528e+06
9.880095e-08  3.320993e+06
9.927915e-08  3.303562e+06
9.975966e-08  3.286232e+06
1.002425e-07  3.269004e+06
1.007277e-07  3.251876e+06
1.012152e-07  3.234849e+06
1.017051e-07  3.217921e+06
1.021973e-07  3.201093e+06
1.026920e-07  3.184363e+06
1.031890e-07  3.167731e+06
1.036884e-07  3.151197e+06
1.041903e-07  3.134759e+06
1.046945e-07  3.118417e+06
1.052013e-07  3.102171e+06
1.057104e-07  3.086020e+06
1.062221e-07  3.069964e+06
1.067362e-07  3.054002e+06
1.072528e-07  3.038133e+06
1.077719e-07  3.022357e+06
1.082935e-07  3.006673e+06
1.088176e-07  2.991081e+06
1.093443e-07  2.975581e+06
1.098735e-07  2.960171e+06
1.104053e-07  2.944851e+06
1.109397e-07  2.929622e+06
1.114766e-07  2.914481e+06
1.120162e-07  2.899429e+06
1.125583e-07  2.884465e+06
1.131031e-07  2.869588e+06
1.136505e-07  2.854799e+06
1.142006e-07  2.840096e+06
1.147533e-07  2.825479e+06
1.153087e-07  2.810948e+06
1.158668e-07  2.796502e+06
1.164276e-07  2.782141e+06
1.169911e-07  2.767863e+06
1.175574e-07  2.753669e+06
1.181264e-07  2.739559e+06
1.186981e-07  2.725531e+06
1.192726e-07  2.711584e+06
1.198499e-07  2.697720e+06
1.204299e-07  2.683937e+06
1.210128e-07  2.670234e+06
1.215985e-07  2.656612e+06
1.221870e-07  2.643069e+06
1.227784e-07  2.629606e+06
1.233727e-07  2.616222e+06
1.239698e-07  2.602916e+06
1.245698e-07  2.589687e+06
1.251727e-07  2.576537e+06
1.257786e-07  2.563463e+06
1.263873e-07  2.550465e+06
1.269990e-07  2.537544e+06
1.276137e-07  2.524699e+06
1.282314e-07  2.511928e+06
1.288520e-07  2.499233e+06
1.294756e-07  2.486612e+06
1.301023e-07  2.474064e+06
1.307320e-07  2.461590e+06
1.313647e-07  2.449190e+06
1.320005e-07  2.436861e+06
1.326394e-07  2.424605e+06
1.332814e-07  2.412421e+06
1.339265e-07  2.400308e+06
1.345747e-07  2.388266e+06
1.352260e-07  2.376294e+06
1.358805e-07  2.364393e+06
1.365382e-07  2.352561e+06
1.371990e-07  2.340798e+06
1.378631e-07  2.329104e+06
1.385303e-07  2.317479e+06
1.392008e-07  2.305922e+06
1.398745e-07  2.294433e+06
1.405515e-07  2.283010e+06
1.412318e-07  2.271655e+06
1.419153e-07  2.260366e+06
1.426022e-07  2.249143e+06
1.432924e-07  2.237986e+06
1.439859e-07  2.226894e+06
1.446828e-07  2.215867e+06
1.453831e-07  2.204905e+06
1.460868e-07  2.194007e+06
1.467938e-07  2.183173e+06
1.475043e-07  2.172402e+06
1.482182e-07  2.161694e+06
1.489356e-07  2.151049e+06
1.496564e-07  2.140466e+06
1.503808e-07  2.129945e+06
1.511086e-07  2.119486e+06
1.518400e-07  2.109088e+06
1.525749e-07  2.098751e+06
1.533133e-07  2.088474e+06
1.540554e-07  2.078258e+06
1.548010e-07  2.068101e+06
1.555502e-07  2.058004e+06
1.563031e-07  2.047966e+06
1.570596e-07  2.037987e+06
1.578198e-07  2.028066e+06
1.585836e-07  2.018203e+06
1.593512e-07  2.008398e+06
1.601224e-07  1.998651e+06
1.608974e-07  1.988960e+06
1.616761e-07  1.979327e+06
1.624587e-07  1.969749e+06
1.632450e-07  1.960228e+06
1.640351e-07  1.950762e+06
1.648290e-07  1.941352e+06
1.656268e-07  1.931997e+06
1.664284e-07  1.922697e+06
1.672339e-07  1.913451e+06
1.680433e-07  1.904260e+06
1.688566e-07  1.895122e+06
1.696739e-07  1.886037e+06
1.704951e-07  1.877006e+06
1.713203e-07  1.868028e+06
1.721495e-07  1.859102e+06
1.729827e-07  1.850229e+06
1.738199e-07  1.841408e+06
1.746612e-07  1.832638e+06
1.755066e-07  1.823919e+06
1.763560e-07  1.815252e+06
1.772096e-07  1.806635e+06
1.780673e-07  1.798069e+06
1.789291e-07  1.789553e+06
1.797951e-07  1.781087e+06
1.806654e-07  1.772670e+06
1.815398e-07  1.764303e+06
1.824184e-07  1.755985e+06
1.833013e-07  1.747715e+06
1.841885e-07  1.739494e+06
1.850800e-07  1.731321e+06
1.859758e-07  1.723196e+06
1.868759e-07  1.715118e+06
1.877804e-07  1.707088e+06
1.886892e-07  1.699105e+06
1.896025e-07  1.691168e+06
1.905201e-07  1.683278e+06
1.914423e-07  1.675435e+06
1.923688e-07  1.667637e+06
1.932999e-07  1.659884e+06
1.942355e-07  1.652178e+06
1.951756e-07  1.644516e+06
1.961202e-07  1.636899e+06
1.970694e-07  1.629327e+06
1.980232e-07  1.621799e+06
1.989817e-07  1.614315e+06
1.999447e-07  1.606875e+06
2.009125e-07  1.599479e+06
2.018849e-07  1.592126e+06
2.028620e-07  1.584816e+06
2.038439e-07  1.577549e+06
2.048305e-07  1.570324e+06
2.058218e-07  1.563142e+06
2.068180e-07  1.556001e+06
2.078190e-07  1.548903e+06
2.088248e-07  1.541846e+06
2.098356e-07  1.534831e+06
2.108512e-07  1.527856e+06
2.118717e-07  1.520923e+06
2.128971e-07  1.514030e+06
2.139276e-07  1.507177e+06
2.149630e-07  1.500365e+06
2.160034e-07  1.493592e+06
2.170488e-07  1.486859e+06
2.180993e-07  1.480166e+06
2.191549e-07  1.473511e+06
2.202157e-07  1.466896e+06
2.212815e-07  1.460320e+06
2.223525e-07  1.453782e+06
2.234287e-07  1.447282e+06
2.245101e-07  1.440820e+06
2.255967e-07  1.434396e+06
2.266886e-07  1.428010e+06
2.277858e-07  1.421661e+06
2.288882e-07  1.415350e+06
2.299960e-07  1.409075e+06
2.311092e-07  1.402837e+06
2.322278e-07  1.396636e+06
2.333518e-07  1.390471e+06
2.344812e-07  1.384342e+06
2.356161e-07  1.378249e+06
2.367565e-07  1.372192e+06
2.379024e-07  1.366170e+06
2.390538e-07  1.360184e+06
2.402108e-07  1.354232e+06
2.413734e-07  1.348316e+06
2.425417e-07  1.342434e+06
2.437156e-07  1.336586e+06
2.448952e-07  1.330773e+06
2.460805e-07  1.324994e+06
2.472715e-07  1.319248e+06
2.484683e-07  1.313537e+06
2.496709e-07  1.307859e+06
2.508793e-07  1.302214e+06
2.520935e-07  1.296602e+06
2.533136e-07  1.291023e+06
2.545397e-07  1.285477e+06
2.557716e-07  1.279963e+06
2.570096e-07  1.274481e+06
2.582535e-07  1.269032e+06
2.595034e-07  1.263615e+06
2.607594e-07  1.258229e+06
2.620215e-07  1.252875e+06
2.632897e-07  1.247552e+06
2.645640e-07  1.242260e+06
2.658445e-07  1.237000e+06
2.671312e-07  1.231770e+06
2.684241e-07  1.226571e+06
2.697233e-07  1.221402e+06
2.710287e-07  1.216264e+06
2.723405e-07  1.211156e+06
2.736586e-07  1.206077e+06
2.749831e-07  1.201029e+06
2.763140e-07  1.196010e+06
2.776514e-07  1.191020e+06
2.789952e-07  1.186060e+06
2.803456e-07  1.181129e+06
2.817024e-07  1.176226e+06
2.830659e-07  1.171353e+06
2.844359e-07  1.166507e+06
2.858126e-07  1.161691e+06
2.871959e-07  1.156902e+06
2.885859e-07  1.152142e+06
2.899827e-07  1.147409e+06
2.913862e-07  1.142705e+06
2.927965e-07  1.138027e+06
2.942136e-07  1.133378e+06
2.956376e-07  1.128755e+06
2.970685e-07  1.124160e+06
2.985063e-07  1.119591e+06
2.999511e-07  1.115049e+06
3.014028e-07  1.110534e+06
3.028616e-07  1.106046e+06
3.043275e-07  1.101583e+06
3.058004e-07  1.097147e+06
3.072805e-07  1.092737e+06
3.087677e-07  1.088353e+06
3.102621e-07  1.083994e+06
3.117638e-07  1.079661e+06
3.132727e-07  1.075353e+06
3.147890e-07  1.071071e+06
3.163126e-07  1.066814e+06
3.178435e-07  1.062581e+06
3.193819e-07  1.058374e+06
3.209277e-07  1.054191e+06
3.224810e-07  1.050032e+06
3.240418e-07  1.045898e+06
3.256101e-07  1.041789e+06
3.271861e-07  1.037703e+06
3.287696e-07  1.033641e+06
3.303609e-07  1.029603e+06
3.319598e-07  1.025589e+06
3.335665e-07  1.021598e+06
3.351810e-07  1.017631e+06
3.368032e-07  1.013687e+06
3.384334e-07  1.009766e+06
3.400714e-07  1.005868e+06
3.417173e-07  1.001993e+06
3.433712e-07  9.981409e+05
3.450331e-07  9.943112e+05
3.467031e-07  9.905039e+05
3.483811e-07  9.867189e+05
3.500673e-07  9.829562e+05
3.517616e-07  9.792155e+05
3.534641e-07  9.754967e+05
3.551749e-07  9.717997e+05
3.568939e-07  9.681245e+05
3.586213e-07  9.644707e+05
3.603570e-07  9.608384e+05
3.621012e-07  9.572275e+05
3.638537e-07  9.536376e+05
3.656148e-07  9.500689e+05
3.673843e-07  9.465211e+05
3.691625e-07  9.429940e+05
3.709492e-07  9.394877e+05
3.727446e-07  9.360020e+05
3.745487e-07  9.325366e+05
3.763615e-07  9.290917e+05
3.781831e-07  9.256669e+05
3.800135e-07  9.222622e+05
3.818528e-07  9.188775e+05
3.837009e-07  9.155126e+05
3.855580e-07  9.121675e+05
3.874241e-07  9.088420e+05
3.892992e-07  9.055360e+05
3.911835e-07  9.022494e+05
3.930768e-07  8.989821e+05
3.949793e-07  8.957340e+05
3.968910e-07  8.925049e+05
3.988119e-07  8.892948e+05
4.007422e-07  8.861035e+05
4.026817e-07  8.829309e+05
4.046307e-07  8.797769e+05
4.065891e-07  8.766415e+05
4.085570e-07  8.735244e+05
4.105344e-07  8.704257e+05
4.125214e-07  8.673451e+05
4.145180e-07  8.642826e+05
4.165243e-07  8.612381e+05
4.185402e-07  8.582114e+05
4.205660e-07  8.552026e+05
4.226015e-07  8.522113e+05
4.246469e-07  8.492377e+05
4.267022e-07  8.462814e+05
4.287674e-07  8.433426e+05
4.308426e-07  8.404210e+05
4.329279e-07  8.375165e+05
4.350233e-07  8.346291e+05
4.371288e-07  8.317586e+05
4.392445e-07  8.289050e+05
4.413704e-07  8.260682e+05
4.435066e-07  8.232480e+05
4.456532e-07  8.204443e+05
4.478102e-07  8.176572e+05
4.499776e-07  8.148863e+05
4.521555e-07  8.121318e+05
4.543439e-07  8.093934e+05
4.565429e-07  8.066711e+05
4.587526e-07  8.039648e+05
4.609729e-07  8.012744e+05
4.632040e-07  7.985998e+05
4.654459e-07  7.959409e+05
4.676987e-07  7.932976e+05
4.699623e-07  7.906698e+05
4.722369e-07  7.880575e+05
4.745226e-07  7.854605e+05
4.768193e-07  7.828788e+05
4.791271e-07  7.803122e+05
4.814460e-07  7.777607e+05
4.837762e-07  7.752242e+05
4.861177e-07  7.727026e+05
4.884705e-07  7.701959e+05
4.908347e-07  7.677038e+05
4.932103e-07  7.652264e+05
4.955975e-07  7.627635e+05
4.979961e-07  7.603152e+05
5.004064e-07  7.578812e+05
5.028284e-07  7.554615e+05
5.052621e-07  7.530560e+05
5.077075e-07  7.506646e+05
5.101648e-07  7.482874e+05
5.126340e-07  7.459240e+05
5.151152e-07  7.435746e+05
5.176083e-07  7.412390e+05
5.201135e-07  7.389171e+05
5.226309e-07  7.366089e+05
5.251604e-07  7.343142e+05
5.277022e-07  7.320330e+05
5.302563e-07  7.297653e+05
5.328227e-07  7.275108e+05
5.354016e-07  7.252697e+05
5.379929e-07  7.230417e+05
5.405968e-07  7.208268e+05
5.432133e-07  7.186249e+05
5.458424e-07  7.164360e+05
5.484843e-07  7.142599e+05
5.511389e-07  7.120967e+05
5.538064e-07  7.099461e+05
5.564868e-07  7.078083e+05
5.591802e-07  7.056829e+05
5.618867e-07  7.035701e+05
5.646062e-07  7.014698e+05
5.673389e-07  6.993817e+05
5.700848e-07  6.973060e+05
5.728440e-07  6.952425e+05
5.756166e-07  6.931911e+05
5.784025e-07  6.911518e+05
5.812020e-07  6.891245e+05
5.840150e-07  6.871091e+05
5.868416e-07  6.851056e+05
5.896819e-07  6.831139e+05
5.925360e-07  6.811338e+05
5.954039e-07  6.791655e+05
5.982856e-07  6.772087e+05
6.011813e-07  6.752635e+05
6.040910e-07  6.733297e+05
6.070148e-07  6.714073e+05
6.099528e-07  6.694962e+05
6.129049e-07  6.675964e+05
6.158714e-07  6.657077e+05
6.188522e-07  6.638302e+05
6.218474e-07  6.619637e+05
6.248572e-07  6.601082e+05
6.278815e-07  6.582637e+05
6.309204e-07  6.564300e+05
6.339740e-07  6.546071e+05
6.370425e-07  6.527950e+05
6.401257e-07  6.509935e+05
6.432239e-07  6.492027e+05
6.463371e-07  6.474224e+05
6.494654e-07  6.456526e+05
6.526088e-07  6.438932e+05
6.557674e-07  6.421442e+05
6.589413e-07  6.404055e+05
6.621306e-07  6.386770e+05
6.653353e-07  6.369588e+05
6.685555e-07  6.352506e+05
6.717913e-07  6.335526e+05
6.750428e-07  6.318645e+05
6.783100e-07  6.301864e+05
6.815930e-07  6.285182e+05
6.848919e-07  6.268598e+05
6.882068e-07  6.252112e+05
6.915377e-07  6.235724e+05
6.948847e-07  6.219432e+05
6.982480e-07  6.203236e+05
7.016275e-07  6.187136e+05
7.050233e-07  6.171130e+05
7.084356e-07  6.155220e+05
7.118645e-07  6.139403e+05
7.153099e-07  6.123679e+05
7.187720e-07  6.108048e+05
7.222508e-07  6.092510e+05
7.257465e-07  6.077063e+05
7.292591e-07  6.061707e+05
7.327887e-07  6.046442e+05
7.363354e-07  6.031267e+05
7.398993e-07  6.016182e+05
7.434804e-07  6.001186e+05
7.470788e-07  5.986278e+05
7.506947e-07  5.971459e+05
7.543280e-07  5.956727e+05
7.579790e-07  5.942082e+05
7.616476e-07  5.927523e+05
7.653339e-07  5.913051e+05
7.690381e-07  5.898664e+05
7.727603e-07  5.884362e+05
7.765004e-07  5.870145e+05
7.802587e-07  5.856012e+05
7.840351e-07  5.841962e+05
7.878298e-07  5.827995e+05
7.916429e-07  5.814111e+05
7.954745e-07  5.800309e+05
7.993246e-07  5.786589e+05
8.031933e-07  5.772950e+05
8.070807e-07  5.759391e+05
8.109870e-07  5.745913e+05
8.149122e-07  5.732515e+05
8.188563e-07  5.719195e+05
8.228196e-07  5.705955e+05
8.268020e-07  5.692793e+05
8.308037e-07  5.679709e+05
8.348248e-07  5.666702e+05
8.388654e-07  5.653772e+05
8.429255e-07  5.640919e+05
8.470052e-07  5.628142e+05
8.511047e-07  5.615441e+05
8.552240e-07  5.602815e+05
8.593633e-07  5.590264e+05
8.635226e-07  5.577787e+05
8.677021e-07  5.565384e+05
8.719017e-07  5.553054e+05
8.761217e-07  5.540798e+05
8.803621e-07  5.528614e+05
8.846231e-07  5.516503e+05
8.889046e-07  5.504463e+05
8.932069e-07  5.492495e+05
8.975300e-07  5.480597e+05
9.018741e-07  5.468771e+05
9.062391e-07  5.457014e+05
9.106253e-07  5.445327e+05
9.150327e-07  5.433710e+05
9.194615e-07  5.422162e+05
9.239117e-07  5.410682e+05
9.283834e-07  5.399270e+05
9.328768e-07  5.387926e+05
9.373919e-07  5.376649e+05
9.419288e-07  5.365440e+05
9.464878e-07  5.354297e+05
9.510688e-07  5.343220e+05
9.556719e-07  5.332209e+05
9.602974e-07  5.321263e+05
9.649452e-07  5.310383e+05
9.696155e-07  5.299567e+05
9.743084e-07  5.288816e+05
9.790241e-07  5.278128e+05
9.837626e-07  5.267504e+05
9.885240e-07  5.256943e+05
9.933084e-07  5.246445e+05
9.981160e-07  5.236010e+05
1.002947e-06  5.225637e+05
1.007801e-06  5.215325e+05
1.012679e-06  5.205075e+05
1.017580e-06  5.194886e+05
1.022505e-06  5.184757e+05
1.027454e-06  5.174689e+05
1.032427e-06  5.164681e+05
1.037424e-06  5.154733e+05
1.042445e-06  5.144844e+05
1.047491e-06  5.135013e+05
1.052560e-06  5.125242e+05
1.057655e-06  5.115529e+05
1.062774e-06  5.105873e+05
1.067918e-06  5.096275e+05
1.073086e-06  5.086735e+05
1.078280e-06  5.077252e+05
1.083499e-06  5.067825e+05
1.088743e-06  5.058454e+05
1.094013e-06  5.049140e+05
1.099308e-06  5.039881e+05
1.104628e-06  5.030677e+05
1.109975e-06  5.021528e+05
1.115347e-06  5.012435e+05
1.120745e-06  5.003395e+05
1.126170e-06  4.994410e+05
1.131620e-06  4.985478e+05
1.137097e-06  4.976600e+05
1.142601e-06  4.967774e+05
1.148131e-06  4.959002e+05
1.153688e-06  4.950282e+05
1.159272e-06  4.941615e+05
1.164883e-06  4.932999e+05
1.170521e-06  4.924435e+05
1.176186e-06  4.915923e+05
1.181879e-06  4.907461e+05
1.187599e-06  4.899050e+05
1.193347e-06  4.890690e+05
1.199123e-06  4.882379e+05
1.204926e-06  4.874119e+05
1.210758e-06  4.865908e+05
1.216618e-06  4.857747e+05
1.222507e-06  4.849634e+05
1.228424e-06  4.841571e+05
1.234369e-06  4.833555e+05
1.240343e-06  4.825588e+05
1.246347e-06  4.817669e+05
1.252379e-06  4.809798e+05
1.258441e-06  4.801974e+05
1.264531e-06  4.794196e+05
1.270652e-06  4.786466e+05
1.276802e-06  4.778783e+05
1.282981e-06  4.771145e+05
1.289191e-06  4.763554e+05
1.295431e-06  4.756008e+05
1.301700e-06  4.748508e+05
1.308001e-06  4.741053e+05
1.314331e-06  4.733643e+05
1.320693e-06  4.726278e+05
1.327085e-06  4.718957e+05
1.333508e-06  4.711681e+05
1.339962e-06  4.704448e+05
1.346448e-06  4.697260e+05
1.352964e-06  4.690114e+05
1.359513e-06  4.683012e+05
1.366093e-06  4.675953e+05
1.372705e-06  4.668937e+05
1.379348e-06  4.661963e+05
1.386024e-06  4.655031e+05
1.392733e-06  4.648141e+05
1.399474e-06  4.641293e+05
1.406247e-06  4.634487e+05
1.413053e-06  4.627722e+05
1.419892e-06  4.620998e+05
1.426765e-06  4.614315e+05
1.433670e-06  4.607672e+05
1.440609e-06  4.601070e+05
1.447582e-06  4.594507e+05
1.454588e-06  4.587985e+05
1.461628e-06  4.581503e+05
1.468702e-06  4.575060e+05
1.475811e-06  4.568656e+05
1.482954e-06  4.562291e+05
1.490131e-06  4.555965e+05
1.497344e-06  4.549677e+05
1.504591e-06  4.543428e+05
1.511873e-06  4.537217e+05
1.519190e-06  4.531044e+05
1.526543e-06  4.524909e+05
1.533932e-06  4.518811e+05
1.541356e-06  4.512750e+05
1.548816e-06  4.506727e+05
1.556312e-06  4.500740e+05
1.563845e-06  4.494790e+05
1.571414e-06  4.488877e+05
1.579019e-06  4.482999e+05
1.586662e-06  4.477158e+05
1.594341e-06  4.471353e+05
1.602058e-06  4.465583e+05
1.609812e-06  4.459849e+05
1.617603e-06  4.454150e+05
1.625432e-06  4.448486e+05
1.633300e-06  4.442857e+05
1.641205e-06  4.437262e+05
1.649148e-06  4.431702e+05
1.657130e-06  4.426177e+05
1.665150e-06  4.420685e+05
1.673210e-06  4.415227e+05
1.681308e-06  4.409803e+05
1.689446e-06  4.404413e+05
1.697622e-06  4.399055e+05
1.705839e-06  4.393731e+05
1.714095e-06  4.388440e+05
1.722391e-06  4.383182e+05
1.730728e-06  4.377956e+05
1.739104e-06  4.372763e+05
1.747522e-06  4.367602e+05
1.755980e-06  4.362473e+05
1.764479e-06  4.357376e+05
1.773019e-06  4.352310e+05
1.781600e-06  4.347276e+05
1.790223e-06  4.342274e+05
1.798888e-06  4.337302e+05
1.807594e-06  4.332362e+05
1.816343e-06  4.327453e+05
1.825134e-06  4.322574e+05
1.833968e-06  4.317726e+05
1.842844e-06  4.312908e+05
1.851763e-06  4.308120e+05
1.860726e-06  4.303362e+05
1.869732e-06  4.298634e+05
1.878781e-06  4.293936e+05
1.887875e-06  4.289267e+05
1.897012e-06  4.284628e+05
1.906193e-06  4.280018e+05
1.915419e-06  4.275436e+05
1.924690e-06  4.270884e+05
1.934005e-06  4.266361e+05
1.943366e-06  4.261866e+05
1.952772e-06  4.257399e+05
1.962223e-06  4.252961e+05
1.971720e-06  4.248551e+05
1.981264e-06  4.244169e+05
1.990853e-06  4.239814e+05
2.000488e-06  4.235488e+05
2.010171e-06  4.231188e+05
2.019900e-06  4.226917e+05
2.029676e-06  4.222672e+05
2.039500e-06  4.218454e+05
2.049371e-06  4.214264e+05
2.059290e-06  4.210100e+05
2.069257e-06  4.205963e+05
2.079272e-06  4.201852e+05
2.089336e-06  4.197768e+05
2.099448e-06  4.193710e+05
2.109609e-06  4.189678e+05
2.119820e-06  4.185672e+05
2.130080e-06  4.181692e+05
2.140389e-06  4.177737e+05
2.150749e-06  4.173808e+05
2.161158e-06  4.169905e+05
2.171618e-06  4.166026e+05
2.182129e-06  4.162173e+05
2.192691e-06  4.158345e+05
2.203303e-06  4.154542e+05
2.213967e-06  4.150763e+05
2.224683e-06  4.147009e+05
2.235450e-06  4.143280e+05
2.246270e-06  4.139575e+05
2.257142e-06  4.135894e+05
2.268066e-06  4.132237e+05
2.279044e-06  4.128605e+05
2.290074e-06  4.124996e+05
2.301158e-06  4.121411e+05
2.312296e-06  4.117850e+05
2.323487e-06  4.114312e+05
2.334733e-06  4.110797e+05
2.346033e-06  4.107306e+05
2.357388e-06  4.103838e+05
2.368797e-06  4.100393e+05
2.380262e-06  4.096971e+05
2.391783e-06  4.093572e+05
2.403359e-06  4.090196e+05
2.414991e-06  4.086842e+05
2.426680e-06  4.083510e+05
2.438425e-06  4.080201e+05
2.450227e-06  4.076914e+05
2.462086e-06  4.073650e+05
2.474002e-06  4.070407e+05
2.485976e-06  4.067186e+05
2.498009e-06  4.063988e+05
2.510099e-06  4.060811e+05
2.522248e-06  4.057655e+05
2.534455e-06  4.054521e+05
2.546722e-06  4.051409e+05
2.559048e-06  4.048317e+05
2.571434e-06  4.045247e+05
2.583880e-06  4.042198e+05
2.596386e-06  4.039170e+05
2.608952e-06  4.036163e+05
2.621579e-06  4.033177e+05
2.634268e-06  4.030212e+05
2.647018e-06  4.027267e+05
2.659829e-06  4.024343e+05
2.672703e-06  4.021439e+05
2.685639e-06  4.018555e+05
2.698637e-06  4.015692e+05
2.711698e-06  4.012849e+05
2.724823e-06  4.010026e+05
2.738011e-06  4.007223e+05
2.751263e-06  4.004440e+05
2.764579e-06  4.001676e+05
2.777960e-06  3.998933e+05
2.791405e-06  3.996209e+05
2.804915e-06  3.993504e+05
2.818491e-06  3.990819e+05
2.832133e-06  3.988153e+05
2.845840e-06  3.985507e+05
2.859614e-06  3.982880e+05
2.873454e-06  3.980272e+05
2.887362e-06  3.977683e+05
2.901337e-06  3.975113e+05
2.915379e-06  3.972562e+05
2.929490e-06  3.970030e+05
2.943668e-06  3.967516e+05
2.957916e-06  3.965021e+05
2.972232e-06  3.962545e+05
2.986617e-06  3.960087e+05
3.001073e-06  3.957648e+05
3.015598e-06  3.955227e+05
3.030193e-06  3.952824e+05
3.044859e-06  3.950440e+05
3.059596e-06  3.948074e+05
3.074405e-06  3.945726e+05
3.089285e-06  3.943396e+05
3.104237e-06  3.941084e+05
3.119261e-06  3.938789e+05
3.134359e-06  3.936513e+05
3.149529e-06  3.934254e+05
3.164773e-06  3.932013e+05
3.180090e-06  3.929790e+05
3.195482e-06  3.927585e+05
3.210948e-06  3.925396e+05
3.226489e-06  3.923226e+05
3.242105e-06  3.921073e+05
3.257797e-06  3.918937e+05
3.273564e-06  3.916818e+05
3.289408e-06  3.914717e+05
3.305329e-06  3.912633e+05
3.321327e-06  3.910566e+05
3.337402e-06  3.908516e+05
3.353555e-06  3.906483e+05
3.369786e-06  3.904467e+05
3.386096e-06  3.902468e+05
3.402485e-06  3.900486e+05
3.418953e-06  3.898521e+05
3.435500e-06  3.896573e+05
3.452128e-06  3.894641e+05
3.468836e-06  3.892726e+05
3.485625e-06  3.890828e+05
3.502496e-06  3.888946e+05
3.519448e-06  3.887082e+05
3.536482e-06  3.885233e+05
3.553598e-06  3.883401e+05
3.570798e-06  3.881586e+05
3.588080e-06  3.879787e+05
3.605447e-06  3.878005e+05
3.622897e-06  3.876238e+05
3.640432e-06  3.874489e+05
3.658051e-06  3.872755e+05
3.675756e-06  3.871038e+05
3.693547e-06  3.869337e+05
3.711424e-06  3.867653e+05
3.729387e-06  3.865985e+05
3.747437e-06  3.864332e+05
3.765575e-06  3.862697e+05
3.783800e-06  3.861077e+05
3.802114e-06  3.859473e+05
3.820516e-06  3.857886e+05
3.839007e-06  3.856314e+05
3.857588e-06  3.854759e+05
3.876258e-06  3.853220e+05
3.895020e-06  3.851697e+05
3.913871e-06  3.850190e+05
3.932814e-06  3.848698e+05
3.951849e-06  3.847224e+05
3.970976e-06  3.845765e+05
3.990196e-06  3.844322e+05
4.009508e-06  3.842895e+05
4.028914e-06  3.841484e+05
4.048414e-06  3.840089e+05
4.068008e-06  3.838710e+05
4.087697e-06  3.837348e+05
4.107482e-06  3.836001e+05
4.127362e-06  3.834671e+05
4.147338e-06  3.833356e+05
4.167411e-06  3.832058e+05
4.187582e-06  3.830775e+05
4.207850e-06  3.829509e+05
4.228215e-06  3.828259e+05
4.248680e-06  3.827025e+05
4.269244e-06  3.825807e+05
4.289907e-06  3.824606e+05
4.310670e-06  3.823420e+05
4.331533e-06  3.822251e+05
4.352498e-06  3.821099e+05
4.373564e-06  3.819962e+05
4.394732e-06  3.818842e+05
4.416002e-06  3.817738e+05
4.437376e-06  3.816651e+05
4.458853e-06  3.815580e+05
4.480433e-06  3.814526e+05
4.502119e-06  3.813488e+05
4.523909e-06  3.812467e+05
4.545805e-06  3.811463e+05
4.567806e-06  3.810475e+05
4.589914e-06  3.809505e+05
4.612129e-06  3.808551e+05
4.634452e-06  3.807614e+05
4.656883e-06  3.806693e+05
4.679422e-06  3.805790e+05
4.702070e-06  3.804905e+05
4.724828e-06  3.804036e+05
4.747697e-06  3.803185e+05
4.770675e-06  3.802351e+05
4.793765e-06  3.801534e+05
4.816967e-06  3.800735e+05
4.840281e-06  3.799954e+05
4.863708e-06  3.799191e+05
4.887248e-06  3.798445e+05
4.910903e-06  3.797718e+05
4.934671e-06  3.797008e+05
4.958555e-06  3.796317e+05
4.982554e-06  3.795644e+05
5.006670e-06  3.794989e+05
5.030902e-06  3.794353e+05
5.055252e-06  3.793736e+05
5.079719e-06  3.793138e+05
5.104305e-06  3.792559e+05
5.129010e-06  3.791998e+05
5.153834e-06  3.791458e+05
5.178778e-06  3.790936e+05
5.203844e-06  3.790435e+05
5.229030e-06  3.789953e+05
5.254339e-06  3.789491e+05
5.279770e-06  3.789049e+05
5.305324e-06  3.788628e+05
5.331001e-06  3.788227e+05
5.356803e-06  3.787847e+05
5.382730e-06  3.787488e+05
5.408783e-06  3.787151e+05
5.434961e-06  3.786834e+05
5.461266e-06  3.786540e+05
5.487699e-06  3.786267e+05
5.514259e-06  3.786017e+05
5.540948e-06  3.785789e+05
5.567766e-06  3.785583e+05
5.594714e-06  3.785401e+05
5.621792e-06  3.785242e+05
5.649002e-06  3.785107e+05
5.676343e-06  3.784995e+05
5.703816e-06  3.784908e+05
5.731423e-06  3.784845e+05
5.759163e-06  3.784807e+05
