0.000000e+00  2.204122e+06
4.629630e-08  6.255126e+06
9.259259e-08  4.107557e+06
1.388889e-07  1.718869e+06
1.851852e-07  6.527210e+05
2.314815e-07  8.614285e+05
2.777778e-07  6.221308e+05
3.240741e-07  4.153548e+05
3.703704e-07  5.309597e+05
4.166667e-07  5.288015e+05
4.629630e-07  3.865862e+05
5.092593e-07  5.558391e+05
5.555556e-07  6.375218e+05
6.018519e-07  7.330587e+05
6.481481e-07  7.137655e+05
6.944444e-07  8.462379e+05
7.407407e-07  4.549632e+05
7.870370e-07  2.288772e+05
8.333333e-07  3.740325e+05
8.796296e-07  8.251587e+05
9.259259e-07  7.083053e+05
9.722222e-07  5.437720e+05
1.018519e-06  7.835005e+05
1.064815e-06  8.951900e+05
1.111111e-06  5.408283e+05
1.157407e-06  3.702269e+05
1.203704e-06  2.278857e+05
1.250000e-06  4.903630e+05
1.296296e-06  3.640145e+05
1.342593e-06  4.441971e+05
1.388889e-06  4.910197e+05
1.435185e-06  5.566049e+05
1.481481e-06  5.106992e+05
1.527778e-06  4.039016e+05
1.574074e-06  9.065508e+05
1.620370e-06  5.041090e+05
1.666667e-06  2.249144e+05
1.712963e-06  4.605584e+05
1.759259e-06  4.967139e+05
1.805556e-06  5.265092e+05
1.851852e-06  5.647808e+05
1.898148e-06  5.851832e+05
1.944444e-06  4.458495e+05
1.990741e-06  3.750163e+05
2.037037e-06  4.684622e+05
2.083333e-06  4.698567e+05
2.129630e-06  3.667849e+05
2.175926e-06  3.200551e+05
2.222222e-06  2.640766e+05
2.268519e-06  2.150303e+05
2.314815e-06  2.821787e+05
2.361111e-06  4.424380e+05
2.407407e-06  5.861492e+05
2.453704e-06  4.188803e+05
2.500000e-06  4.341265e+05
2.546296e-06  3.282005e+05
2.592593e-06  5.203000e+05
2.638889e-06  6.852141e+05
2.685185e-06  1.744505e+05
2.731481e-06  3.705236e+05
2.777778e-06  4.218244e+05
2.824074e-06  4.302460e+05
2.870370e-06  4.824623e+05
2.916667e-06  2.436372e+05
2.962963e-06  3.859270e+05
3.009259e-06  5.026247e+05
3.055556e-06  3.282727e+05
3.101852e-06  2.988677e+05
3.148148e-06  3.884873e+05
3.194444e-06  4.891826e+05
3.240741e-06  6.742658e+05
3.287037e-06  6.289023e+05
3.333333e-06  4.322664e+05
3.379630e-06  5.153044e+05
3.425926e-06  2.718387e+05
3.472222e-06  4.209723e+05
3.518519e-06  4.937678e+05
3.564815e-06  2.430287e+05
3.611111e-06  2.138902e+05
3.657407e-06  2.784212e+05
3.703704e-06  4.061616e+05
3.750000e-06  4.212854e+05
3.796296e-06  3.466163e+05
3.842593e-06  1.784620e+05
3.888889e-06  1.392390e+05
3.935185e-06  2.806735e+05
3.981481e-06  3.511556e+05
4.027778e-06  4.845253e+05
4.074074e-06  3.081080e+05
4.120370e-06  2.554449e+05
4.166667e-06  2.605554e+05
4.212963e-06  1.986605e+05
4.259259e-06  3.760688e+05
4.305556e-06  2.674788e+05
4.351852e-06  2.032482e+05
4.398148e-06  2.755170e+05
4.444444e-06  5.026733e+05
4.490741e-06  3.251287e+05
4.537037e-06  2.187376e+05
4.583333e-06  4.413735e+05
4.629630e-06  3.627710e+05
4.675926e-06  8.678992e+04
4.722222e-06  4.456518e+05
4.768519e-06  4.826969e+05
4.814815e-06  8.119278e+05
4.861111e-06  5.698731e+05
4.907407e-06  4.586490e+05
4.953704e-06  4.580255e+05
5.000000e-06  4.415696e+05
5.046296e-06  5.772396e+05
5.092593e-06  5.608570e+05
5.138889e-06  1.724407e+05
5.185185e-06  3.008584e+05
5.231481e-06  2.584174e+05
5.277778e-06  1.897974e+05
5.324074e-06  2.600968e+05
5.370370e-06  2.878032e+05
5.416667e-06  2.568491e+05
5.462963e-06  4.016244e+05
5.509259e-06  4.030614e+05
5.555556e-06  2.240891e+05
5.601852e-06  1.803353e+05
5.648148e-06  2.253625e+05
5.694444e-06  2.921584e+05
5.740741e-06  2.777898e+05
5.787037e-06  2.152039e+05
