4.629630e-08  7.858368e-02
4.652037e-08  7.790790e-02
4.674553e-08  7.723793e-02
4.697178e-08  7.657373e-02
4.719912e-08  7.591524e-02
4.742756e-08  7.526242e-02
4.765711e-08  7.461521e-02
4.788777e-08  7.397358e-02
4.811955e-08  7.333746e-02
4.835244e-08  7.270681e-02
4.858647e-08  7.208159e-02
4.882163e-08  7.146175e-02
4.905792e-08  7.084724e-02
4.929536e-08  7.023802e-02
4.953395e-08  6.963404e-02
4.977370e-08  6.903525e-02
5.001460e-08  6.844162e-02
5.025667e-08  6.785309e-02
5.049991e-08  6.726963e-02
5.074433e-08  6.669119e-02
5.098993e-08  6.611772e-02
5.123672e-08  6.554918e-02
5.148471e-08  6.498554e-02
5.173390e-08  6.442675e-02
5.198429e-08  6.387276e-02
5.223589e-08  6.332354e-02
5.248871e-08  6.277904e-02
5.274276e-08  6.223923e-02
5.299803e-08  6.170407e-02
5.325454e-08  6.117350e-02
5.351229e-08  6.064750e-02
5.377129e-08  6.012603e-02
5.403154e-08  5.960904e-02
5.429305e-08  5.909650e-02
5.455583e-08  5.858837e-02
5.481988e-08  5.808461e-02
5.508521e-08  5.758519e-02
5.535182e-08  5.709006e-02
5.561972e-08  5.659919e-02
5.588892e-08  5.611255e-02
5.615942e-08  5.563009e-02
5.643124e-08  5.515178e-02
5.670436e-08  5.467758e-02
5.697881e-08  5.420747e-02
5.725459e-08  5.374140e-02
5.753170e-08  5.327934e-02
5.781015e-08  5.282125e-02
5.808995e-08  5.236711e-02
5.837111e-08  5.191687e-02
5.865362e-08  5.147051e-02
5.893751e-08  5.102799e-02
5.922276e-08  5.058927e-02
5.950940e-08  5.015433e-02
5.979742e-08  4.972313e-02
6.008684e-08  4.929564e-02
6.037766e-08  4.887182e-02
6.066989e-08  4.845166e-02
6.096353e-08  4.803510e-02
6.125859e-08  4.762213e-02
6.155509e-08  4.721272e-02
6.185301e-08  4.680682e-02
6.215238e-08  4.640442e-02
6.245320e-08  4.600548e-02
6.275547e-08  4.560998e-02
6.305920e-08  4.521787e-02
6.336441e-08  4.482914e-02
6.367109e-08  4.444375e-02
6.397926e-08  4.406168e-02
6.428892e-08  4.368289e-02
6.460008e-08  4.330737e-02
6.491274e-08  4.293507e-02
6.522692e-08  4.256598e-02
6.554262e-08  4.220006e-02
6.585984e-08  4.183729e-02
6.617860e-08  4.147764e-02
6.649891e-08  4.112109e-02
6.682076e-08  4.076760e-02
6.714417e-08  4.041716e-02
6.746915e-08  4.006972e-02
6.779570e-08  3.972528e-02
6.812383e-08  3.938380e-02
6.845355e-08  3.904526e-02
6.878486e-08  3.870963e-02
6.911778e-08  3.837689e-02
6.945231e-08  3.804701e-02
6.978846e-08  3.771997e-02
7.012623e-08  3.739575e-02
7.046564e-08  3.707431e-02
7.080670e-08  3.675564e-02
7.114940e-08  3.643971e-02
7.149376e-08  3.612649e-02
7.183979e-08  3.581598e-02
7.218749e-08  3.550813e-02
7.253688e-08  3.520293e-02
7.288796e-08  3.490036e-02
7.324074e-08  3.460039e-02
7.359522e-08  3.430300e-02
7.395142e-08  3.400817e-02
7.430934e-08  3.371588e-02
7.466900e-08  3.342610e-02
7.503040e-08  3.313881e-02
7.539354e-08  3.285399e-02
7.575845e-08  3.257163e-02
7.612512e-08  3.229169e-02
7.649356e-08  3.201417e-02
7.686379e-08  3.173903e-02
7.723581e-08  3.146626e-02
7.760963e-08  3.119583e-02
7.798526e-08  3.092773e-02
7.836271e-08  3.066194e-02
7.874198e-08  3.039843e-02
7.912309e-08  3.013719e-02
7.950605e-08  2.987820e-02
7.989086e-08  2.962144e-02
8.027753e-08  2.936688e-02
8.066607e-08  2.911452e-02
8.105649e-08  2.886433e-02
8.144881e-08  2.861629e-02
8.184302e-08  2.837038e-02
8.223914e-08  2.812659e-02
8.263717e-08  2.788489e-02
8.303714e-08  2.764528e-02
8.343903e-08  2.740772e-02
8.384288e-08  2.717222e-02
8.424868e-08  2.693873e-02
8.465644e-08  2.670726e-02
8.506618e-08  2.647777e-02
8.547790e-08  2.625026e-02
8.589161e-08  2.602471e-02
8.630732e-08  2.580110e-02
8.672505e-08  2.557941e-02
8.714480e-08  2.535963e-02
8.756658e-08  2.514174e-02
8.799040e-08  2.492573e-02
8.841627e-08  2.471157e-02
8.884420e-08  2.449926e-02
8.927421e-08  2.428877e-02
8.970630e-08  2.408009e-02
9.014047e-08  2.387321e-02
9.057675e-08  2.366811e-02
9.101514e-08  2.346477e-02
9.145565e-08  2.326318e-02
9.189830e-08  2.306333e-02
9.234309e-08  2.286520e-02
9.279002e-08  2.266877e-02
9.323913e-08  2.247403e-02
9.369040e-08  2.228096e-02
9.414386e-08  2.208956e-02
9.459952e-08  2.189980e-02
9.505738e-08  2.171168e-02
9.551746e-08  2.152517e-02
9.597976e-08  2.134027e-02
9.644430e-08  2.115696e-02
9.691109e-08  2.097523e-02
9.738014e-08  2.079506e-02
9.785146e-08  2.061644e-02
9.832506e-08  2.043936e-02
9.880095e-08  2.026380e-02
9.927915e-08  2.008975e-02
9.975966e-08  1.991720e-02
1.002425e-07  1.974613e-02
1.007277e-07  1.957653e-02
1.012152e-07  1.940840e-02
1.017051e-07  1.924171e-02
1.021973e-07  1.907645e-02
1.026920e-07  1.891262e-02
1.031890e-07  1.875019e-02
1.036884e-07  1.858916e-02
1.041903e-07  1.842952e-02
1.046945e-07  1.827125e-02
1.052013e-07  1.811435e-02
1.057104e-07  1.795879e-02
1.062221e-07  1.780457e-02
1.067362e-07  1.765168e-02
1.072528e-07  1.750010e-02
1.077719e-07  1.734983e-02
1.082935e-07  1.720085e-02
1.088176e-07  1.705315e-02
1.093443e-07  1.690672e-02
1.098735e-07  1.676156e-02
1.104053e-07  1.661764e-02
1.109397e-07  1.647496e-02
1.114766e-07  1.633350e-02
1.120162e-07  1.619327e-02
1.125583e-07  1.605424e-02
1.131031e-07  1.591641e-02
1.136505e-07  1.577976e-02
1.142006e-07  1.564429e-02
1.147533e-07  1.550998e-02
1.153087e-07  1.537683e-02
1.158668e-07  1.524482e-02
1.164276e-07  1.511395e-02
1.169911e-07  1.498421e-02
1.175574e-07  1.485558e-02
1.181264e-07  1.472806e-02
1.186981e-07  1.460164e-02
1.192726e-07  1.447630e-02
1.198499e-07  1.435204e-02
1.204299e-07  1.422885e-02
1.210128e-07  1.410672e-02
1.215985e-07  1.398565e-02
1.221870e-07  1.386561e-02
1.227784e-07  1.374661e-02
1.233727e-07  1.362863e-02
1.239698e-07  1.351166e-02
1.245698e-07  1.339570e-02
1.251727e-07  1.328074e-02
1.257786e-07  1.316677e-02
1.263873e-07  1.305378e-02
1.269990e-07  1.294176e-02
1.276137e-07  1.283070e-02
1.282314e-07  1.272060e-02
1.288520e-07  1.261145e-02
1.294756e-07  1.250323e-02
1.301023e-07  1.239595e-02
1.307320e-07  1.228959e-02
1.313647e-07  1.218415e-02
1.320005e-07  1.207961e-02
1.326394e-07  1.197597e-02
1.332814e-07  1.187322e-02
1.339265e-07  1.177136e-02
1.345747e-07  1.167037e-02
1.352260e-07  1.157026e-02
1.358805e-07  1.147100e-02
1.365382e-07  1.137260e-02
1.371990e-07  1.127504e-02
1.378631e-07  1.117833e-02
1.385303e-07  1.108244e-02
1.392008e-07  1.098738e-02
1.398745e-07  1.089314e-02
1.405515e-07  1.079971e-02
1.412318e-07  1.070708e-02
1.419153e-07  1.061525e-02
1.426022e-07  1.052421e-02
1.432924e-07  1.043396e-02
1.439859e-07  1.034448e-02
1.446828e-07  1.025577e-02
1.453831e-07  1.016782e-02
1.460868e-07  1.008063e-02
1.467938e-07  9.994189e-03
1.475043e-07  9.908492e-03
1.482182e-07  9.823533e-03
1.489356e-07  9.739305e-03
1.496564e-07  9.655801e-03
1.503808e-07  9.573016e-03
1.511086e-07  9.490943e-03
1.518400e-07  9.409576e-03
1.525749e-07  9.328909e-03
1.533133e-07  9.248936e-03
1.540554e-07  9.169651e-03
1.548010e-07  9.091049e-03
1.555502e-07  9.013122e-03
1.563031e-07  8.935867e-03
1.570596e-07  8.859275e-03
1.578198e-07  8.783343e-03
1.585836e-07  8.708064e-03
1.593512e-07  8.633433e-03
1.601224e-07  8.559443e-03
1.608974e-07  8.486091e-03
1.616761e-07  8.413369e-03
1.624587e-07  8.341273e-03
1.632450e-07  8.269798e-03
1.640351e-07  8.198937e-03
1.648290e-07  8.128686e-03
1.656268e-07  8.059039e-03
1.664284e-07  7.989992e-03
1.672339e-07  7.921539e-03
1.680433e-07  7.853674e-03
1.688566e-07  7.786394e-03
1.696739e-07  7.719692e-03
1.704951e-07  7.653564e-03
1.713203e-07  7.588005e-03
1.721495e-07  7.523011e-03
1.729827e-07  7.458575e-03
1.738199e-07  7.394694e-03
1.746612e-07  7.331362e-03
1.755066e-07  7.268576e-03
1.763560e-07  7.206329e-03
1.772096e-07  7.144618e-03
1.780673e-07  7.083438e-03
1.789291e-07  7.022785e-03
1.797951e-07  6.962653e-03
1.806654e-07  6.903039e-03
1.815398e-07  6.843937e-03
1.824184e-07  6.785344e-03
1.833013e-07  6.727255e-03
1.841885e-07  6.669666e-03
1.850800e-07  6.612572e-03
1.859758e-07  6.555970e-03
1.868759e-07  6.499855e-03
1.877804e-07  6.444222e-03
1.886892e-07  6.389068e-03
1.896025e-07  6.334389e-03
1.905201e-07  6.280180e-03
1.914423e-07  6.226437e-03
1.923688e-07  6.173157e-03
1.932999e-07  6.120336e-03
1.942355e-07  6.067968e-03
1.951756e-07  6.016052e-03
1.961202e-07  5.964582e-03
1.970694e-07  5.913554e-03
1.980232e-07  5.862966e-03
1.989817e-07  5.812813e-03
1.999447e-07  5.763092e-03
2.009125e-07  5.713799e-03
2.018849e-07  5.664929e-03
2.028620e-07  5.616480e-03
2.038439e-07  5.568448e-03
2.048305e-07  5.520829e-03
2.058218e-07  5.473620e-03
2.068180e-07  5.426817e-03
2.078190e-07  5.380417e-03
2.088248e-07  5.334416e-03
2.098356e-07  5.288811e-03
2.108512e-07  5.243598e-03
2.118717e-07  5.198774e-03
2.128971e-07  5.154336e-03
2.139276e-07  5.110280e-03
2.149630e-07  5.066603e-03
2.160034e-07  5.023303e-03
2.170488e-07  4.980374e-03
2.180993e-07  4.937815e-03
2.191549e-07  4.895622e-03
2.202157e-07  4.853793e-03
2.212815e-07  4.812323e-03
2.223525e-07  4.771210e-03
2.234287e-07  4.730450e-03
2.245101e-07  4.690042e-03
2.255967e-07  4.649981e-03
2.266886e-07  4.610265e-03
2.277858e-07  4.570890e-03
2.288882e-07  4.531854e-03
2.299960e-07  4.493155e-03
2.311092e-07  4.454788e-03
2.322278e-07  4.416751e-03
2.333518e-07  4.379041e-03
2.344812e-07  4.341656e-03
2.356161e-07  4.304593e-03
2.367565e-07  4.267849e-03
2.379024e-07  4.231421e-03
2.390538e-07  4.195306e-03
2.402108e-07  4.159502e-03
2.413734e-07  4.124006e-03
2.425417e-07  4.088815e-03
2.437156e-07  4.053927e-03
2.448952e-07  4.019340e-03
2.460805e-07  3.985050e-03
2.472715e-07  3.951055e-03
2.484683e-07  3.917352e-03
2.496709e-07  3.883940e-03
2.508793e-07  3.850815e-03
2.520935e-07  3.817975e-03
2.533136e-07  3.785418e-03
2.545397e-07  3.753141e-03
2.557716e-07  3.721141e-03
2.570096e-07  3.689417e-03
2.582535e-07  3.657966e-03
2.595034e-07  3.626785e-03
2.607594e-07  3.595873e-03
2.620215e-07  3.565227e-03
2.632897e-07  3.534844e-03
2.645640e-07  3.504723e-03
2.658445e-07  3.474861e-03
2.671312e-07  3.445257e-03
2.684241e-07  3.415906e-03
2.697233e-07  3.386809e-03
2.710287e-07  3.357961e-03
2.723405e-07  3.329362e-03
2.736586e-07  3.301009e-03
2.749831e-07  3.272900e-03
2.763140e-07  3.245033e-03
2.776514e-07  3.217406e-03
2.789952e-07  3.190016e-03
2.803456e-07  3.162862e-03
2.817024e-07  3.135942e-03
2.830659e-07  3.109254e-03
2.844359e-07  3.082795e-03
2.858126e-07  3.056563e-03
2.871959e-07  3.030558e-03
2.885859e-07  3.004776e-03
2.899827e-07  2.979216e-03
2.913862e-07  2.953876e-03
2.927965e-07  2.928754e-03
2.942136e-07  2.903849e-03
2.956376e-07  2.879157e-03
2.970685e-07  2.854678e-03
2.985063e-07  2.830410e-03
2.999511e-07  2.806350e-03
3.014028e-07  2.782498e-03
3.028616e-07  2.758851e-03
3.043275e-07  2.735407e-03
3.058004e-07  2.712165e-03
3.072805e-07  2.689123e-03
3.087677e-07  2.666280e-03
3.102621e-07  2.643633e-03
3.117638e-07  2.621180e-03
3.132727e-07  2.598921e-03
3.147890e-07  2.576854e-03
3.163126e-07  2.554977e-03
3.178435e-07  2.533287e-03
3.193819e-07  2.511785e-03
3.209277e-07  2.490467e-03
3.224810e-07  2.469333e-03
3.240418e-07  2.448381e-03
3.256101e-07  2.427609e-03
3.271861e-07  2.407016e-03
3.287696e-07  2.386600e-03
3.303609e-07  2.366359e-03
3.319598e-07  2.346293e-03
3.335665e-07  2.326400e-03
3.351810e-07  2.306678e-03
3.368032e-07  2.287125e-03
3.384334e-07  2.267741e-03
3.400714e-07  2.248524e-03
3.417173e-07  2.229472e-03
3.433712e-07  2.210584e-03
3.450331e-07  2.191858e-03
3.467031e-07  2.173294e-03
3.483811e-07  2.154889e-03
3.500673e-07  2.136643e-03
3.517616e-07  2.118554e-03
3.534641e-07  2.100620e-03
3.551749e-07  2.082841e-03
3.568939e-07  2.065215e-03
3.586213e-07  2.047741e-03
3.603570e-07  2.030416e-03
3.621012e-07  2.013242e-03
3.638537e-07  1.996214e-03
3.656148e-07  1.979334e-03
3.673843e-07  1.962598e-03
3.691625e-07  1.946007e-03
3.709492e-07  1.929559e-03
3.727446e-07  1.913252e-03
3.745487e-07  1.897085e-03
3.763615e-07  1.881058e-03
3.781831e-07  1.865168e-03
3.800135e-07  1.849415e-03
3.818528e-07  1.833798e-03
3.837009e-07  1.818316e-03
3.855580e-07  1.802966e-03
3.874241e-07  1.787749e-03
3.892992e-07  1.772662e-03
3.911835e-07  1.757706e-03
3.930768e-07  1.742878e-03
3.949793e-07  1.728178e-03
3.968910e-07  1.713604e-03
3.988119e-07  1.699156e-03
4.007422e-07  1.684832e-03
4.026817e-07  1.670631e-03
4.046307e-07  1.656553e-03
4.065891e-07  1.642596e-03
4.085570e-07  1.628758e-03
4.105344e-07  1.615040e-03
4.125214e-07  1.601441e-03
4.145180e-07  1.587958e-03
4.165243e-07  1.574591e-03
4.185402e-07  1.561339e-03
4.205660e-07  1.548202e-03
4.226015e-07  1.535177e-03
4.246469e-07  1.522264e-03
4.267022e-07  1.509463e-03
4.287674e-07  1.496772e-03
4.308426e-07  1.484190e-03
4.329279e-07  1.471717e-03
4.350233e-07  1.459350e-03
4.371288e-07  1.447091e-03
4.392445e-07  1.434936e-03
4.413704e-07  1.422887e-03
4.435066e-07  1.410941e-03
4.456532e-07  1.399098e-03
4.478102e-07  1.387357e-03
4.499776e-07  1.375716e-03
4.521555e-07  1.364177e-03
4.543439e-07  1.352736e-03
4.565429e-07  1.341394e-03
4.587526e-07  1.330150e-03
4.609729e-07  1.319002e-03
4.632040e-07  1.307950e-03
4.654459e-07  1.296994e-03
4.676987e-07  1.286132e-03
4.699623e-07  1.275363e-03
4.722369e-07  1.264687e-03
4.745226e-07  1.254103e-03
4.768193e-07  1.243610e-03
4.791271e-07  1.233208e-03
4.814460e-07  1.222895e-03
4.837762e-07  1.212670e-03
4.861177e-07  1.202534e-03
4.884705e-07  1.192485e-03
4.908347e-07  1.182523e-03
4.932103e-07  1.172646e-03
4.955975e-07  1.162854e-03
4.979961e-07  1.153147e-03
5.004064e-07  1.143523e-03
5.028284e-07  1.133982e-03
5.052621e-07  1.124524e-03
5.077075e-07  1.115146e-03
5.101648e-07  1.105850e-03
5.126340e-07  1.096633e-03
5.151152e-07  1.087496e-03
5.176083e-07  1.078437e-03
5.201135e-07  1.069457e-03
5.226309e-07  1.060554e-03
5.251604e-07  1.051727e-03
5.277022e-07  1.042976e-03
5.302563e-07  1.034301e-03
5.328227e-07  1.025701e-03
5.354016e-07  1.017174e-03
5.379929e-07  1.008721e-03
5.405968e-07  1.000341e-03
5.432133e-07  9.920329e-04
5.458424e-07  9.837963e-04
5.484843e-07  9.756307e-04
5.511389e-07  9.675354e-04
5.538064e-07  9.595098e-04
5.564868e-07  9.515533e-04
5.591802e-07  9.436653e-04
5.618867e-07  9.358453e-04
5.646062e-07  9.280926e-04
5.673389e-07  9.204066e-04
5.700848e-07  9.127869e-04
5.728440e-07  9.052327e-04
5.756166e-07  8.977437e-04
5.784025e-07  8.903191e-04
5.812020e-07  8.829584e-04
5.840150e-07  8.756612e-04
5.868416e-07  8.684268e-04
5.896819e-07  8.612547e-04
5.925360e-07  8.541443e-04
5.954039e-07  8.470952e-04
5.982856e-07  8.401068e-04
6.011813e-07  8.331787e-04
6.040910e-07  8.263101e-04
6.070148e-07  8.195008e-04
6.099528e-07  8.127500e-04
6.129049e-07  8.060575e-04
6.158714e-07  7.994226e-04
6.188522e-07  7.928448e-04
6.218474e-07  7.863237e-04
6.248572e-07  7.798587e-04
6.278815e-07  7.734494e-04
6.309204e-07  7.670954e-04
6.339740e-07  7.607961e-04
6.370425e-07  7.545510e-04
6.401257e-07  7.483598e-04
6.432239e-07  7.422218e-04
6.463371e-07  7.361368e-04
6.494654e-07  7.301041e-04
6.526088e-07  7.241235e-04
6.557674e-07  7.181943e-04
6.589413e-07  7.123163e-04
6.621306e-07  7.064888e-04
6.653353e-07  7.007116e-04
6.685555e-07  6.949842e-04
6.717913e-07  6.893061e-04
6.750428e-07  6.836769e-04
6.783100e-07  6.780962e-04
6.815930e-07  6.725636e-04
6.848919e-07  6.670787e-04
6.882068e-07  6.616410e-04
6.915377e-07  6.562502e-04
6.948847e-07  6.509058e-04
6.982480e-07  6.456075e-04
7.016275e-07  6.403548e-04
7.050233e-07  6.351474e-04
7.084356e-07  6.299849e-04
7.118645e-07  6.248669e-04
7.153099e-07  6.197929e-04
7.187720e-07  6.147627e-04
7.222508e-07  6.097758e-04
7.257465e-07  6.048319e-04
7.292591e-07  5.999307e-04
7.327887e-07  5.950716e-04
7.363354e-07  5.902545e-04
7.398993e-07  5.854788e-04
7.434804e-07  5.807443e-04
7.470788e-07  5.760506e-04
7.506947e-07  5.713974e-04
7.543280e-07  5.667843e-04
7.579790e-07  5.622109e-04
7.616476e-07  5.576770e-04
7.653339e-07  5.531821e-04
7.690381e-07  5.487260e-04
7.727603e-07  5.443083e-04
7.765004e-07  5.399287e-04
7.802587e-07  5.355868e-04
7.840351e-07  5.312824e-04
7.878298e-07  5.270150e-04
7.916429e-07  5.227845e-04
7.954745e-07  5.185904e-04
7.993246e-07  5.144325e-04
8.031933e-07  5.103105e-04
8.070807e-07  5.062239e-04
8.109870e-07  5.021727e-04
8.149122e-07  4.981563e-04
8.188563e-07  4.941746e-04
8.228196e-07  4.902272e-04
8.268020e-07  4.863139e-04
8.308037e-07  4.824343e-04
8.348248e-07  4.785881e-04
8.388654e-07  4.747751e-04
8.429255e-07  4.709950e-04
8.470052e-07  4.672475e-04
8.511047e-07  4.635324e-04
8.552240e-07  4.598492e-04
8.593633e-07  4.561979e-04
8.635226e-07  4.525780e-04
8.677021e-07  4.489893e-04
8.719017e-07  4.454316e-04
8.761217e-07  4.419046e-04
8.803621e-07  4.384080e-04
8.846231e-07  4.349416e-04
8.889046e-07  4.315051e-04
8.932069e-07  4.280982e-04
8.975300e-07  4.247208e-04
9.018741e-07  4.213724e-04
9.062391e-07  4.180530e-04
9.106253e-07  4.147622e-04
9.150327e-07  4.114998e-04
9.194615e-07  4.082655e-04
9.239117e-07  4.050591e-04
9.283834e-07  4.018805e-04
9.328768e-07  3.987292e-04
9.373919e-07  3.956051e-04
9.419288e-07  3.925081e-04
9.464878e-07  3.894377e-04
9.510688e-07  3.863938e-04
9.556719e-07  3.833762e-04
9.602974e-07  3.803847e-04
9.649452e-07  3.774190e-04
9.696155e-07  3.744788e-04
9.743084e-07  3.715641e-04
9.790241e-07  3.686745e-04
9.837626e-07  3.658099e-04
9.885240e-07  3.629700e-04
9.933084e-07  3.601546e-04
9.981160e-07  3.573635e-04
1.002947e-06  3.545966e-04
1.007801e-06  3.518535e-04
1.012679e-06  3.491341e-04
1.017580e-06  3.464382e-04
1.022505e-06  3.437656e-04
1.027454e-06  3.411160e-04
1.032427e-06  3.384894e-04
1.037424e-06  3.358854e-04
1.042445e-06  3.333039e-04
1.047491e-06  3.307448e-04
1.052560e-06  3.282077e-04
1.057655e-06  3.256926e-04
1.062774e-06  3.231992e-04
1.067918e-06  3.207273e-04
1.073086e-06  3.182768e-04
1.078280e-06  3.158474e-04
1.083499e-06  3.134391e-04
1.088743e-06  3.110516e-04
1.094013e-06  3.086847e-04
1.099308e-06  3.063382e-04
1.104628e-06  3.040121e-04
1.109975e-06  3.017060e-04
1.115347e-06  2.994199e-04
1.120745e-06  2.971536e-04
1.126170e-06  2.949068e-04
1.131620e-06  2.926795e-04
1.137097e-06  2.904714e-04
1.142601e-06  2.882824e-04
1.148131e-06  2.861124e-04
1.153688e-06  2.839611e-04
1.159272e-06  2.818284e-04
1.164883e-06  2.797142e-04
1.170521e-06  2.776183e-04
1.176186e-06  2.755405e-04
1.181879e-06  2.734806e-04
1.187599e-06  2.714386e-04
1.193347e-06  2.694143e-04
1.199123e-06  2.674075e-04
1.204926e-06  2.654180e-04
1.210758e-06  2.634458e-04
1.216618e-06  2.614906e-04
1.222507e-06  2.595524e-04
1.228424e-06  2.576309e-04
1.234369e-06  2.557261e-04
1.240343e-06  2.538377e-04
1.246347e-06  2.519657e-04
1.252379e-06  2.501100e-04
1.258441e-06  2.482703e-04
1.264531e-06  2.464465e-04
1.270652e-06  2.446385e-04
1.276802e-06  2.428462e-04
1.282981e-06  2.410694e-04
1.289191e-06  2.393080e-04
1.295431e-06  2.375619e-04
1.301700e-06  2.358309e-04
1.308001e-06  2.341149e-04
1.314331e-06  2.324137e-04
1.320693e-06  2.307274e-04
1.327085e-06  2.290556e-04
1.333508e-06  2.273983e-04
1.339962e-06  2.257554e-04
1.346448e-06  2.241268e-04
1.352964e-06  2.225123e-04
1.359513e-06  2.209117e-04
1.366093e-06  2.193251e-04
1.372705e-06  2.177522e-04
1.379348e-06  2.161930e-04
1.386024e-06  2.146473e-04
1.392733e-06  2.131150e-04
1.399474e-06  2.115960e-04
1.406247e-06  2.100902e-04
1.413053e-06  2.085975e-04
1.419892e-06  2.071177e-04
1.426765e-06  2.056508e-04
1.433670e-06  2.041966e-04
1.440609e-06  2.027551e-04
1.447582e-06  2.013261e-04
1.454588e-06  1.999094e-04
1.461628e-06  1.985051e-04
1.468702e-06  1.971131e-04
1.475811e-06  1.957331e-04
1.482954e-06  1.943651e-04
1.490131e-06  1.930090e-04
1.497344e-06  1.916646e-04
1.504591e-06  1.903320e-04
1.511873e-06  1.890110e-04
1.519190e-06  1.877015e-04
1.526543e-06  1.864033e-04
1.533932e-06  1.851165e-04
1.541356e-06  1.838408e-04
1.548816e-06  1.825763e-04
1.556312e-06  1.813227e-04
1.563845e-06  1.800801e-04
1.571414e-06  1.788483e-04
1.579019e-06  1.776273e-04
1.586662e-06  1.764168e-04
1.594341e-06  1.752170e-04
1.602058e-06  1.740275e-04
1.609812e-06  1.728485e-04
1.617603e-06  1.716797e-04
1.625432e-06  1.705211e-04
1.633300e-06  1.693727e-04
1.641205e-06  1.682342e-04
1.649148e-06  1.671057e-04
1.657130e-06  1.659870e-04
1.665150e-06  1.648781e-04
1.673210e-06  1.637789e-04
1.681308e-06  1.626893e-04
1.689446e-06  1.616092e-04
1.697622e-06  1.605385e-04
1.705839e-06  1.594772e-04
1.714095e-06  1.584252e-04
1.722391e-06  1.573823e-04
1.730728e-06  1.563486e-04
1.739104e-06  1.553240e-04
1.747522e-06  1.543082e-04
1.755980e-06  1.533014e-04
1.764479e-06  1.523034e-04
1.773019e-06  1.513142e-04
1.781600e-06  1.503336e-04
1.790223e-06  1.493616e-04
1.798888e-06  1.483981e-04
1.807594e-06  1.474430e-04
1.816343e-06  1.464964e-04
1.825134e-06  1.455580e-04
1.833968e-06  1.446279e-04
1.842844e-06  1.437059e-04
1.851763e-06  1.427920e-04
1.860726e-06  1.418862e-04
1.869732e-06  1.409883e-04
1.878781e-06  1.400983e-04
1.887875e-06  1.392161e-04
1.897012e-06  1.383417e-04
1.906193e-06  1.374749e-04
1.915419e-06  1.366158e-04
1.924690e-06  1.357643e-04
1.934005e-06  1.349202e-04
1.943366e-06  1.340836e-04
1.952772e-06  1.332544e-04
1.962223e-06  1.324325e-04
1.971720e-06  1.316178e-04
1.981264e-06  1.308103e-04
1.990853e-06  1.300099e-04
2.000488e-06  1.292166e-04
2.010171e-06  1.284303e-04
2.019900e-06  1.276510e-04
2.029676e-06  1.268785e-04
2.039500e-06  1.261129e-04
2.049371e-06  1.253541e-04
2.059290e-06  1.246019e-04
2.069257e-06  1.238565e-04
2.079272e-06  1.231176e-04
2.089336e-06  1.223853e-04
2.099448e-06  1.216595e-04
2.109609e-06  1.209401e-04
2.119820e-06  1.202271e-04
2.130080e-06  1.195204e-04
2.140389e-06  1.188200e-04
2.150749e-06  1.181259e-04
2.161158e-06  1.174379e-04
2.171618e-06  1.167561e-04
2.182129e-06  1.160803e-04
2.192691e-06  1.154105e-04
2.203303e-06  1.147467e-04
2.213967e-06  1.140889e-04
2.224683e-06  1.134369e-04
2.235450e-06  1.127907e-04
2.246270e-06  1.121503e-04
2.257142e-06  1.115156e-04
2.268066e-06  1.108867e-04
2.279044e-06  1.102633e-04
2.290074e-06  1.096455e-04
2.301158e-06  1.090333e-04
2.312296e-06  1.084266e-04
2.323487e-06  1.078253e-04
2.334733e-06  1.072294e-04
2.346033e-06  1.066389e-04
2.357388e-06  1.060537e-04
2.368797e-06  1.054738e-04
2.380262e-06  1.048991e-04
2.391783e-06  1.043296e-04
2.403359e-06  1.037652e-04
2.414991e-06  1.032059e-04
2.426680e-06  1.026517e-04
2.438425e-06  1.021025e-04
2.450227e-06  1.015583e-04
2.462086e-06  1.010190e-04
2.474002e-06  1.004847e-04
2.485976e-06  9.995513e-05
2.498009e-06  9.943042e-05
2.510099e-06  9.891049e-05
2.522248e-06  9.839529e-05
2.534455e-06  9.788480e-05
2.546722e-06  9.737897e-05
2.559048e-06  9.687776e-05
2.571434e-06  9.638114e-05
2.583880e-06  9.588907e-05
2.596386e-06  9.540152e-05
2.608952e-06  9.491844e-05
2.621579e-06  9.443980e-05
2.634268e-06  9.396558e-05
2.647018e-06  9.349572e-05
2.659829e-06  9.303020e-05
2.672703e-06  9.256898e-05
2.685639e-06  9.211203e-05
2.698637e-06  9.165931e-05
2.711698e-06  9.121079e-05
2.724823e-06  9.076644e-05
2.738011e-06  9.032623e-05
2.751263e-06  8.989011e-05
2.764579e-06  8.945807e-05
2.777960e-06  8.903006e-05
2.791405e-06  8.860607e-05
2.804915e-06  8.818604e-05
2.818491e-06  8.776996e-05
2.832133e-06  8.735779e-05
2.845840e-06  8.694951e-05
2.859614e-06  8.654508e-05
2.873454e-06  8.614447e-05
2.887362e-06  8.574766e-05
2.901337e-06  8.535462e-05
2.915379e-06  8.496531e-05
2.929490e-06  8.457970e-05
2.943668e-06  8.419778e-05
2.957916e-06  8.381951e-05
2.972232e-06  8.344487e-05
2.986617e-06  8.307382e-05
3.001073e-06  8.270634e-05
3.015598e-06  8.234241e-05
3.030193e-06  8.198199e-05
3.044859e-06  8.162506e-05
3.059596e-06  8.127160e-05
3.074405e-06  8.092158e-05
3.089285e-06  8.057498e-05
3.104237e-06  8.023176e-05
3.119261e-06  7.989191e-05
3.134359e-06  7.955541e-05
3.149529e-06  7.922221e-05
3.164773e-06  7.889231e-05
3.180090e-06  7.856568e-05
3.195482e-06  7.824230e-05
3.210948e-06  7.792214e-05
3.226489e-06  7.760518e-05
3.242105e-06  7.729140e-05
3.257797e-06  7.698078e-05
3.273564e-06  7.667329e-05
3.289408e-06  7.636891e-05
3.305329e-06  7.606762e-05
3.321327e-06  7.576941e-05
3.337402e-06  7.547424e-05
3.353555e-06  7.518211e-05
3.369786e-06  7.489298e-05
3.386096e-06  7.460684e-05
3.402485e-06  7.432367e-05
3.418953e-06  7.404346e-05
3.435500e-06  7.376617e-05
3.452128e-06  7.349179e-05
3.468836e-06  7.322031e-05
3.485625e-06  7.295171e-05
3.502496e-06  7.268596e-05
3.519448e-06  7.242305e-05
3.536482e-06  7.216297e-05
3.553598e-06  7.190569e-05
3.570798e-06  7.165119e-05
3.588080e-06  7.139947e-05
3.605447e-06  7.115051e-05
3.622897e-06  7.090428e-05
3.640432e-06  7.066078e-05
3.658051e-06  7.041998e-05
3.675756e-06  7.018188e-05
3.693547e-06  6.994645e-05
3.711424e-06  6.971369e-05
3.729387e-06  6.948357e-05
3.747437e-06  6.925609e-05
3.765575e-06  6.903123e-05
3.783800e-06  6.880897e-05
3.802114e-06  6.858931e-05
3.820516e-06  6.837223e-05
3.839007e-06  6.815772e-05
3.857588e-06  6.794576e-05
3.876258e-06  6.773635e-05
3.895020e-06  6.752946e-05
3.913871e-06  6.732510e-05
3.932814e-06  6.712325e-05
3.951849e-06  6.692389e-05
3.970976e-06  6.672702e-05
3.990196e-06  6.653262e-05
4.009508e-06  6.634069e-05
4.028914e-06  6.615122e-05
4.048414e-06  6.596420e-05
4.068008e-06  6.577961e-05
4.087697e-06  6.559745e-05
4.107482e-06  6.541771e-05
4.127362e-06  6.524039e-05
4.147338e-06  6.506547e-05
4.167411e-06  6.489294e-05
4.187582e-06  6.472281e-05
4.207850e-06  6.455506e-05
4.228215e-06  6.438969e-05
4.248680e-06  6.422669e-05
4.269244e-06  6.406605e-05
4.289907e-06  6.390777e-05
4.310670e-06  6.375185e-05
4.331533e-06  6.359827e-05
4.352498e-06  6.344704e-05
4.373564e-06  6.329815e-05
4.394732e-06  6.315160e-05
4.416002e-06  6.300739e-05
4.437376e-06  6.286550e-05
4.458853e-06  6.272595e-05
4.480433e-06  6.258872e-05
4.502119e-06  6.245382e-05
4.523909e-06  6.232124e-05
4.545805e-06  6.219099e-05
4.567806e-06  6.206306e-05
4.589914e-06  6.193746e-05
4.612129e-06  6.181418e-05
4.634452e-06  6.169322e-05
4.656883e-06  6.157460e-05
4.679422e-06  6.145830e-05
4.702070e-06  6.134434e-05
4.724828e-06  6.123271e-05
4.747697e-06  6.112342e-05
4.770675e-06  6.101647e-05
4.793765e-06  6.091187e-05
4.816967e-06  6.080962e-05
4.840281e-06  6.070973e-05
4.863708e-06  6.061221e-05
4.887248e-06  6.051706e-05
4.910903e-06  6.042429e-05
4.934671e-06  6.033390e-05
4.958555e-06  6.024592e-05
4.982554e-06  6.016033e-05
5.006670e-06  6.007717e-05
5.030902e-06  5.999643e-05
5.055252e-06  5.991814e-05
5.079719e-06  5.984229e-05
5.104305e-06  5.976891e-05
5.129010e-06  5.969801e-05
5.153834e-06  5.962960e-05
5.178778e-06  5.956370e-05
5.203844e-06  5.950032e-05
5.229030e-06  5.943949e-05
5.254339e-06  5.938122e-05
5.279770e-06  5.932552e-05
5.305324e-06  5.927243e-05
5.331001e-06  5.922195e-05
5.356803e-06  5.917412e-05
5.382730e-06  5.912896e-05
5.408783e-06  5.908648e-05
5.434961e-06  5.904672e-05
5.461266e-06  5.900969e-05
5.487699e-06  5.897544e-05
5.514259e-06  5.894399e-05
5.540948e-06  5.891536e-05
5.567766e-06  5.888959e-05
5.594714e-06  5.886671e-05
5.621792e-06  5.884676e-05
5.649002e-06  5.882977e-05
5.676343e-06  5.881577e-05
5.703816e-06  5.880482e-05
5.731423e-06  5.879694e-05
5.759163e-06  5.879218e-05
